mode: set
github.com/jaksonlin/go-jsonextend/jsonextend.go:12.80,15.16 3 1
github.com/jaksonlin/go-jsonextend/jsonextend.go:15.16,17.3 1 0
github.com/jaksonlin/go-jsonextend/jsonextend.go:18.2,18.42 1 1
github.com/jaksonlin/go-jsonextend/jsonextend.go:18.42,20.3 1 0
github.com/jaksonlin/go-jsonextend/jsonextend.go:21.2,22.52 2 1
github.com/jaksonlin/go-jsonextend/jsonextend.go:25.91,28.16 3 1
github.com/jaksonlin/go-jsonextend/jsonextend.go:28.16,30.3 1 0
github.com/jaksonlin/go-jsonextend/jsonextend.go:31.2,31.42 1 1
github.com/jaksonlin/go-jsonextend/jsonextend.go:31.42,33.3 1 0
github.com/jaksonlin/go-jsonextend/jsonextend.go:34.2,35.55 2 1
github.com/jaksonlin/go-jsonextend/jsonextend.go:38.45,40.16 2 1
github.com/jaksonlin/go-jsonextend/jsonextend.go:40.16,42.3 1 0
github.com/jaksonlin/go-jsonextend/jsonextend.go:43.2,44.16 2 1
github.com/jaksonlin/go-jsonextend/jsonextend.go:44.16,46.3 1 1
github.com/jaksonlin/go-jsonextend/jsonextend.go:47.2,47.42 1 1
github.com/jaksonlin/go-jsonextend/jsonextend.go:47.42,49.3 1 0
github.com/jaksonlin/go-jsonextend/jsonextend.go:50.2,51.43 2 1
github.com/jaksonlin/go-jsonextend/ast/ast.go:36.34,42.2 1 1
github.com/jaksonlin/go-jsonextend/ast/ast.go:44.40,46.2 1 1
github.com/jaksonlin/go-jsonextend/ast/ast.go:48.78,50.16 2 1
github.com/jaksonlin/go-jsonextend/ast/ast.go:50.16,52.3 1 0
github.com/jaksonlin/go-jsonextend/ast/ast.go:53.2,55.39 2 1
github.com/jaksonlin/go-jsonextend/ast/ast.go:55.39,58.3 2 1
github.com/jaksonlin/go-jsonextend/ast/ast.go:58.8,60.3 1 1
github.com/jaksonlin/go-jsonextend/ast/ast.go:61.2,61.12 1 1
github.com/jaksonlin/go-jsonextend/ast/ast.go:64.80,65.35 1 1
github.com/jaksonlin/go-jsonextend/ast/ast.go:65.35,67.3 1 0
github.com/jaksonlin/go-jsonextend/ast/ast.go:68.2,68.18 1 1
github.com/jaksonlin/go-jsonextend/ast/ast.go:68.18,70.3 1 1
github.com/jaksonlin/go-jsonextend/ast/ast.go:71.2,72.16 2 1
github.com/jaksonlin/go-jsonextend/ast/ast.go:72.16,74.3 1 0
github.com/jaksonlin/go-jsonextend/ast/ast.go:76.2,76.35 1 1
github.com/jaksonlin/go-jsonextend/ast/ast.go:78.22,79.59 1 1
github.com/jaksonlin/go-jsonextend/ast/ast.go:81.23,82.54 1 1
github.com/jaksonlin/go-jsonextend/ast/ast.go:84.29,85.57 1 1
github.com/jaksonlin/go-jsonextend/ast/ast.go:86.10,87.35 1 0
github.com/jaksonlin/go-jsonextend/ast/ast.go:92.113,94.16 2 1
github.com/jaksonlin/go-jsonextend/ast/ast.go:94.16,96.3 1 0
github.com/jaksonlin/go-jsonextend/ast/ast.go:97.2,97.39 1 1
github.com/jaksonlin/go-jsonextend/ast/ast.go:97.39,100.3 1 0
github.com/jaksonlin/go-jsonextend/ast/ast.go:100.8,103.3 1 1
github.com/jaksonlin/go-jsonextend/ast/ast.go:104.2,104.12 1 1
github.com/jaksonlin/go-jsonextend/ast/ast.go:107.109,109.16 2 1
github.com/jaksonlin/go-jsonextend/ast/ast.go:109.16,111.3 1 0
github.com/jaksonlin/go-jsonextend/ast/ast.go:112.2,113.16 2 1
github.com/jaksonlin/go-jsonextend/ast/ast.go:113.16,115.3 1 0
github.com/jaksonlin/go-jsonextend/ast/ast.go:116.2,117.12 2 1
github.com/jaksonlin/go-jsonextend/ast/ast.go:120.118,123.16 2 1
github.com/jaksonlin/go-jsonextend/ast/ast.go:123.16,125.3 1 0
github.com/jaksonlin/go-jsonextend/ast/ast.go:127.2,127.39 1 1
github.com/jaksonlin/go-jsonextend/ast/ast.go:127.39,129.3 1 1
github.com/jaksonlin/go-jsonextend/ast/ast.go:129.8,133.17 3 1
github.com/jaksonlin/go-jsonextend/ast/ast.go:133.17,135.4 1 0
github.com/jaksonlin/go-jsonextend/ast/ast.go:137.2,137.12 1 1
github.com/jaksonlin/go-jsonextend/ast/ast.go:142.44,144.33 2 1
github.com/jaksonlin/go-jsonextend/ast/ast.go:144.33,146.3 1 0
github.com/jaksonlin/go-jsonextend/ast/ast.go:147.2,147.43 1 1
github.com/jaksonlin/go-jsonextend/ast/ast.go:147.43,149.3 1 0
github.com/jaksonlin/go-jsonextend/ast/ast.go:150.2,151.33 2 1
github.com/jaksonlin/go-jsonextend/ast/ast.go:151.33,153.3 1 0
github.com/jaksonlin/go-jsonextend/ast/ast.go:154.2,154.44 1 1
github.com/jaksonlin/go-jsonextend/ast/ast.go:154.44,156.3 1 0
github.com/jaksonlin/go-jsonextend/ast/ast.go:157.2,160.12 3 1
github.com/jaksonlin/go-jsonextend/ast/ast.go:163.52,166.33 2 1
github.com/jaksonlin/go-jsonextend/ast/ast.go:166.33,169.3 2 0
github.com/jaksonlin/go-jsonextend/ast/ast.go:170.2,171.16 2 1
github.com/jaksonlin/go-jsonextend/ast/ast.go:171.16,173.3 1 0
github.com/jaksonlin/go-jsonextend/ast/ast.go:174.2,174.12 1 1
github.com/jaksonlin/go-jsonextend/ast/ast.go:178.61,180.16 2 1
github.com/jaksonlin/go-jsonextend/ast/ast.go:180.16,182.3 1 0
github.com/jaksonlin/go-jsonextend/ast/ast.go:183.2,183.29 1 1
github.com/jaksonlin/go-jsonextend/ast/ast.go:186.78,188.18 2 1
github.com/jaksonlin/go-jsonextend/ast/ast.go:189.18,190.14 1 1
github.com/jaksonlin/go-jsonextend/ast/ast.go:191.17,193.34 2 1
github.com/jaksonlin/go-jsonextend/ast/ast.go:193.34,196.4 2 1
github.com/jaksonlin/go-jsonextend/ast/ast.go:197.3,197.37 1 1
github.com/jaksonlin/go-jsonextend/ast/ast.go:198.18,200.29 2 0
github.com/jaksonlin/go-jsonextend/ast/ast.go:201.19,205.18 4 1
github.com/jaksonlin/go-jsonextend/ast/ast.go:205.18,207.5 1 0
github.com/jaksonlin/go-jsonextend/ast/ast.go:209.11,210.41 1 0
github.com/jaksonlin/go-jsonextend/ast/ast.go:212.10,213.36 1 0
github.com/jaksonlin/go-jsonextend/ast/ast.go:215.2,215.12 1 1
github.com/jaksonlin/go-jsonextend/ast/ast.go:218.44,220.2 1 1
github.com/jaksonlin/go-jsonextend/ast/ast.go:222.41,224.2 1 1
github.com/jaksonlin/go-jsonextend/ast/ast_node.go:12.35,14.2 1 1
github.com/jaksonlin/go-jsonextend/ast/ast_node.go:30.65,31.11 1 0
github.com/jaksonlin/go-jsonextend/ast/ast_node.go:32.27,33.20 1 0
github.com/jaksonlin/go-jsonextend/ast/ast_node.go:34.26,35.20 1 0
github.com/jaksonlin/go-jsonextend/ast/ast_node.go:36.26,37.20 1 0
github.com/jaksonlin/go-jsonextend/ast/ast_node.go:38.24,39.18 1 0
github.com/jaksonlin/go-jsonextend/ast/ast_node.go:40.28,41.22 1 0
github.com/jaksonlin/go-jsonextend/ast/ast_node.go:42.40,43.29 1 0
github.com/jaksonlin/go-jsonextend/ast/ast_node.go:44.10,45.28 1 0
github.com/jaksonlin/go-jsonextend/ast/ast_node.go:49.71,51.11 1 1
github.com/jaksonlin/go-jsonextend/ast/ast_node.go:52.17,55.9 1 1
github.com/jaksonlin/go-jsonextend/ast/ast_node.go:56.18,59.9 1 1
github.com/jaksonlin/go-jsonextend/ast/ast_node.go:60.18,62.10 2 1
github.com/jaksonlin/go-jsonextend/ast/ast_node.go:62.10,64.4 1 0
github.com/jaksonlin/go-jsonextend/ast/ast_node.go:65.3,67.9 1 1
github.com/jaksonlin/go-jsonextend/ast/ast_node.go:68.18,71.9 1 1
github.com/jaksonlin/go-jsonextend/ast/ast_node.go:72.18,75.9 1 1
github.com/jaksonlin/go-jsonextend/ast/ast_node.go:76.19,79.9 1 1
github.com/jaksonlin/go-jsonextend/ast/ast_node.go:80.16,83.9 1 1
github.com/jaksonlin/go-jsonextend/ast/ast_node.go:84.20,89.19 3 1
github.com/jaksonlin/go-jsonextend/ast/ast_node.go:90.27,97.19 3 1
github.com/jaksonlin/go-jsonextend/ast/ast_node.go:98.10,99.40 1 0
github.com/jaksonlin/go-jsonextend/ast/ast_node.go:136.56,138.2 1 1
github.com/jaksonlin/go-jsonextend/ast/ast_node.go:140.62,142.2 1 1
github.com/jaksonlin/go-jsonextend/ast/ast_node.go:144.47,145.26 1 1
github.com/jaksonlin/go-jsonextend/ast/ast_node.go:145.26,147.3 1 0
github.com/jaksonlin/go-jsonextend/ast/ast_node.go:147.8,149.3 1 1
github.com/jaksonlin/go-jsonextend/ast/ast_node.go:152.67,155.16 2 0
github.com/jaksonlin/go-jsonextend/ast/ast_node.go:155.16,157.3 1 0
github.com/jaksonlin/go-jsonextend/ast/ast_node.go:158.2,161.25 2 0
github.com/jaksonlin/go-jsonextend/ast/ast_node.go:161.25,166.3 2 0
github.com/jaksonlin/go-jsonextend/ast/ast_node.go:167.2,167.16 1 0
github.com/jaksonlin/go-jsonextend/ast/ast_node.go:177.56,179.2 1 1
github.com/jaksonlin/go-jsonextend/ast/ast_node.go:181.62,183.2 1 1
github.com/jaksonlin/go-jsonextend/ast/ast_node.go:191.57,193.2 1 1
github.com/jaksonlin/go-jsonextend/ast/ast_node.go:195.63,197.2 1 1
github.com/jaksonlin/go-jsonextend/ast/ast_node.go:205.54,207.2 1 1
github.com/jaksonlin/go-jsonextend/ast/ast_node.go:209.60,211.2 1 1
github.com/jaksonlin/go-jsonextend/ast/ast_node.go:219.55,221.2 1 1
github.com/jaksonlin/go-jsonextend/ast/ast_node.go:223.61,225.2 1 1
github.com/jaksonlin/go-jsonextend/ast/ast_node.go:227.47,229.2 1 1
github.com/jaksonlin/go-jsonextend/ast/ast_node.go:231.41,233.2 1 1
github.com/jaksonlin/go-jsonextend/ast/ast_node.go:242.62,244.2 1 1
github.com/jaksonlin/go-jsonextend/ast/ast_node.go:246.68,248.2 1 1
github.com/jaksonlin/go-jsonextend/ast/ast_node.go:250.51,252.2 1 0
github.com/jaksonlin/go-jsonextend/ast/ast_node.go:260.56,262.2 1 1
github.com/jaksonlin/go-jsonextend/ast/ast_node.go:264.62,266.2 1 1
github.com/jaksonlin/go-jsonextend/ast/ast_node.go:268.66,270.2 1 1
github.com/jaksonlin/go-jsonextend/ast/ast_node.go:272.42,274.2 1 0
github.com/jaksonlin/go-jsonextend/ast/ast_node.go:283.66,285.2 1 1
github.com/jaksonlin/go-jsonextend/ast/ast_node.go:287.72,289.2 1 1
github.com/jaksonlin/go-jsonextend/ast/ast_node.go:291.57,294.2 2 1
github.com/jaksonlin/go-jsonextend/ast/ast_node.go:303.76,305.2 1 1
github.com/jaksonlin/go-jsonextend/ast/ast_node.go:307.82,309.2 1 1
github.com/jaksonlin/go-jsonextend/ast/ast_node.go:311.68,313.17 2 1
github.com/jaksonlin/go-jsonextend/ast/ast_node.go:313.17,315.3 1 1
github.com/jaksonlin/go-jsonextend/ast/ast_node.go:316.2,316.26 1 1
github.com/jaksonlin/go-jsonextend/ast/ast_node.go:316.26,318.3 1 1
github.com/jaksonlin/go-jsonextend/ast/ast_node.go:321.67,323.2 1 1
github.com/jaksonlin/go-jsonextend/constructor/bytebase/ast.go:16.50,21.2 1 1
github.com/jaksonlin/go-jsonextend/constructor/bytebase/ast.go:24.78,26.11 1 1
github.com/jaksonlin/go-jsonextend/constructor/bytebase/ast.go:27.30,29.53 2 1
github.com/jaksonlin/go-jsonextend/constructor/bytebase/ast.go:30.32,32.52 2 1
github.com/jaksonlin/go-jsonextend/constructor/bytebase/ast.go:33.33,37.17 3 1
github.com/jaksonlin/go-jsonextend/constructor/bytebase/ast.go:37.17,39.4 1 0
github.com/jaksonlin/go-jsonextend/constructor/bytebase/ast.go:40.3,41.17 2 1
github.com/jaksonlin/go-jsonextend/constructor/bytebase/ast.go:41.17,43.4 1 0
github.com/jaksonlin/go-jsonextend/constructor/bytebase/ast.go:44.31,48.17 3 1
github.com/jaksonlin/go-jsonextend/constructor/bytebase/ast.go:48.17,50.4 1 0
github.com/jaksonlin/go-jsonextend/constructor/bytebase/ast.go:51.3,52.17 2 1
github.com/jaksonlin/go-jsonextend/constructor/bytebase/ast.go:52.17,54.4 1 0
github.com/jaksonlin/go-jsonextend/constructor/bytebase/ast.go:55.25,56.34 1 1
github.com/jaksonlin/go-jsonextend/constructor/bytebase/ast.go:57.25,58.34 1 1
github.com/jaksonlin/go-jsonextend/constructor/bytebase/ast.go:59.10,60.51 1 0
github.com/jaksonlin/go-jsonextend/constructor/bytebase/ast.go:62.2,62.12 1 1
github.com/jaksonlin/go-jsonextend/constructor/bytebase/ast.go:65.108,68.2 2 1
github.com/jaksonlin/go-jsonextend/constructor/bytebase/ast.go:70.56,72.2 1 1
github.com/jaksonlin/go-jsonextend/constructor/bytebase/ast.go:74.53,76.2 1 1
github.com/jaksonlin/go-jsonextend/constructor/bytebase/ast.go:78.77,80.2 1 1
github.com/jaksonlin/go-jsonextend/constructor/bytebase/ast.go:82.57,84.2 1 1
github.com/jaksonlin/go-jsonextend/constructor/bytebase/astbuilder.go:16.66,21.2 1 1
github.com/jaksonlin/go-jsonextend/constructor/bytebase/astbuilder.go:26.74,29.16 2 1
github.com/jaksonlin/go-jsonextend/constructor/bytebase/astbuilder.go:29.16,31.3 1 0
github.com/jaksonlin/go-jsonextend/constructor/bytebase/astbuilder.go:33.2,33.40 1 1
github.com/jaksonlin/go-jsonextend/constructor/bytebase/astbuilder.go:33.40,35.17 2 1
github.com/jaksonlin/go-jsonextend/constructor/bytebase/astbuilder.go:35.17,37.4 1 0
github.com/jaksonlin/go-jsonextend/constructor/bytebase/astbuilder.go:40.2,40.27 1 1
github.com/jaksonlin/go-jsonextend/constructor/bytebase/astbuilder.go:43.55,45.2 1 1
github.com/jaksonlin/go-jsonextend/constructor/bytebase/astbuilder.go:46.47,48.2 1 1
github.com/jaksonlin/go-jsonextend/constructor/bytebase/astbuilder.go:50.60,52.2 1 1
github.com/jaksonlin/go-jsonextend/constructor/bytebase/astbuilder.go:54.59,56.2 1 1
github.com/jaksonlin/go-jsonextend/constructor/bytebase/astbuilder.go:58.61,60.2 1 1
github.com/jaksonlin/go-jsonextend/constructor/bytebase/astbuilder.go:62.74,64.2 1 0
github.com/jaksonlin/go-jsonextend/constructor/bytebase/astbuilder.go:66.104,68.2 1 1
github.com/jaksonlin/go-jsonextend/constructor/bytebase/astbuilder.go:70.52,72.2 1 1
github.com/jaksonlin/go-jsonextend/constructor/bytebase/astbuilder.go:74.49,76.2 1 1
github.com/jaksonlin/go-jsonextend/constructor/bytebase/astbuilder.go:78.73,80.2 1 1
github.com/jaksonlin/go-jsonextend/constructor/bytebase/astbuilder.go:82.53,84.2 1 1
github.com/jaksonlin/go-jsonextend/constructor/bytebase/syntax.go:13.40,18.2 1 1
github.com/jaksonlin/go-jsonextend/constructor/bytebase/syntax.go:20.44,23.2 2 1
github.com/jaksonlin/go-jsonextend/constructor/bytebase/syntax.go:25.57,28.2 2 1
github.com/jaksonlin/go-jsonextend/constructor/bytebase/syntax.go:30.38,32.2 1 0
github.com/jaksonlin/go-jsonextend/constructor/bytebase/syntax.go:34.47,37.33 2 1
github.com/jaksonlin/go-jsonextend/constructor/bytebase/syntax.go:37.33,39.3 1 0
github.com/jaksonlin/go-jsonextend/constructor/bytebase/syntax.go:40.2,40.43 1 1
github.com/jaksonlin/go-jsonextend/constructor/bytebase/syntax.go:40.43,42.3 1 0
github.com/jaksonlin/go-jsonextend/constructor/bytebase/syntax.go:43.2,43.12 1 1
github.com/jaksonlin/go-jsonextend/constructor/bytebase/syntax.go:43.12,45.3 1 0
github.com/jaksonlin/go-jsonextend/constructor/bytebase/syntax.go:46.2,46.14 1 1
github.com/jaksonlin/go-jsonextend/constructor/bytebase/syntax.go:46.14,48.3 1 1
github.com/jaksonlin/go-jsonextend/constructor/bytebase/syntax.go:48.8,48.21 1 1
github.com/jaksonlin/go-jsonextend/constructor/bytebase/syntax.go:48.21,50.3 1 1
github.com/jaksonlin/go-jsonextend/constructor/bytebase/syntax.go:50.8,52.3 1 0
github.com/jaksonlin/go-jsonextend/constructor/bytebase/syntax.go:55.54,59.6 4 1
github.com/jaksonlin/go-jsonextend/constructor/bytebase/syntax.go:59.6,61.34 2 1
github.com/jaksonlin/go-jsonextend/constructor/bytebase/syntax.go:61.34,63.4 1 0
github.com/jaksonlin/go-jsonextend/constructor/bytebase/syntax.go:64.3,64.15 1 1
github.com/jaksonlin/go-jsonextend/constructor/bytebase/syntax.go:64.15,65.41 1 1
github.com/jaksonlin/go-jsonextend/constructor/bytebase/syntax.go:65.41,67.5 1 0
github.com/jaksonlin/go-jsonextend/constructor/bytebase/syntax.go:69.4,70.14 2 1
github.com/jaksonlin/go-jsonextend/constructor/bytebase/syntax.go:72.3,72.21 1 1
github.com/jaksonlin/go-jsonextend/constructor/bytebase/syntax.go:72.21,73.45 1 1
github.com/jaksonlin/go-jsonextend/constructor/bytebase/syntax.go:73.45,75.5 1 0
github.com/jaksonlin/go-jsonextend/constructor/bytebase/syntax.go:75.10,78.5 2 1
github.com/jaksonlin/go-jsonextend/constructor/bytebase/syntax.go:79.9,79.29 1 1
github.com/jaksonlin/go-jsonextend/constructor/bytebase/syntax.go:79.29,80.45 1 1
github.com/jaksonlin/go-jsonextend/constructor/bytebase/syntax.go:80.45,82.5 1 0
github.com/jaksonlin/go-jsonextend/constructor/bytebase/syntax.go:83.4,83.17 1 1
github.com/jaksonlin/go-jsonextend/constructor/bytebase/syntax.go:83.17,85.5 1 0
github.com/jaksonlin/go-jsonextend/constructor/bytebase/syntax.go:86.4,86.23 1 1
github.com/jaksonlin/go-jsonextend/constructor/bytebase/syntax.go:88.3,88.35 1 1
github.com/jaksonlin/go-jsonextend/constructor/bytebase/syntax.go:93.49,98.6 5 1
github.com/jaksonlin/go-jsonextend/constructor/bytebase/syntax.go:98.6,100.34 2 1
github.com/jaksonlin/go-jsonextend/constructor/bytebase/syntax.go:100.34,102.4 1 0
github.com/jaksonlin/go-jsonextend/constructor/bytebase/syntax.go:104.3,104.15 1 1
github.com/jaksonlin/go-jsonextend/constructor/bytebase/syntax.go:104.15,105.41 1 1
github.com/jaksonlin/go-jsonextend/constructor/bytebase/syntax.go:105.41,107.5 1 0
github.com/jaksonlin/go-jsonextend/constructor/bytebase/syntax.go:111.4,112.14 2 1
github.com/jaksonlin/go-jsonextend/constructor/bytebase/syntax.go:114.3,114.21 1 1
github.com/jaksonlin/go-jsonextend/constructor/bytebase/syntax.go:114.21,116.45 1 1
github.com/jaksonlin/go-jsonextend/constructor/bytebase/syntax.go:116.45,118.5 1 0
github.com/jaksonlin/go-jsonextend/constructor/bytebase/syntax.go:118.10,121.63 1 1
github.com/jaksonlin/go-jsonextend/constructor/bytebase/syntax.go:121.63,123.6 1 0
github.com/jaksonlin/go-jsonextend/constructor/bytebase/syntax.go:124.5,125.29 2 1
github.com/jaksonlin/go-jsonextend/constructor/bytebase/syntax.go:127.9,127.29 1 1
github.com/jaksonlin/go-jsonextend/constructor/bytebase/syntax.go:127.29,128.45 1 1
github.com/jaksonlin/go-jsonextend/constructor/bytebase/syntax.go:128.45,130.5 1 0
github.com/jaksonlin/go-jsonextend/constructor/bytebase/syntax.go:131.4,131.28 1 1
github.com/jaksonlin/go-jsonextend/constructor/bytebase/syntax.go:131.28,133.5 1 0
github.com/jaksonlin/go-jsonextend/constructor/bytebase/syntax.go:135.4,135.30 1 1
github.com/jaksonlin/go-jsonextend/constructor/bytebase/syntax.go:135.30,137.5 1 1
github.com/jaksonlin/go-jsonextend/constructor/bytebase/syntax.go:137.10,139.5 1 1
github.com/jaksonlin/go-jsonextend/constructor/bytebase/syntax.go:140.4,140.23 1 1
github.com/jaksonlin/go-jsonextend/constructor/bytebase/syntax.go:142.3,142.35 1 1
github.com/jaksonlin/go-jsonextend/constructor/bytebase/tokenprovider.go:18.56,22.2 1 1
github.com/jaksonlin/go-jsonextend/constructor/bytebase/tokenprovider.go:26.50,29.16 2 1
github.com/jaksonlin/go-jsonextend/constructor/bytebase/tokenprovider.go:29.16,31.3 1 0
github.com/jaksonlin/go-jsonextend/constructor/bytebase/tokenprovider.go:33.2,34.20 2 1
github.com/jaksonlin/go-jsonextend/constructor/bytebase/tokenprovider.go:34.20,36.3 1 1
github.com/jaksonlin/go-jsonextend/constructor/bytebase/tokenprovider.go:36.8,36.27 1 0
github.com/jaksonlin/go-jsonextend/constructor/bytebase/tokenprovider.go:36.27,38.3 1 0
github.com/jaksonlin/go-jsonextend/constructor/bytebase/tokenprovider.go:38.8,40.3 1 0
github.com/jaksonlin/go-jsonextend/constructor/bytebase/tokenprovider.go:42.2,45.16 3 1
github.com/jaksonlin/go-jsonextend/constructor/bytebase/tokenprovider.go:45.16,47.3 1 0
github.com/jaksonlin/go-jsonextend/constructor/bytebase/tokenprovider.go:49.2,53.16 4 1
github.com/jaksonlin/go-jsonextend/constructor/bytebase/tokenprovider.go:53.16,55.3 1 0
github.com/jaksonlin/go-jsonextend/constructor/bytebase/tokenprovider.go:56.2,56.23 1 1
github.com/jaksonlin/go-jsonextend/constructor/bytebase/tokenprovider.go:59.69,62.16 2 1
github.com/jaksonlin/go-jsonextend/constructor/bytebase/tokenprovider.go:62.16,64.3 1 0
github.com/jaksonlin/go-jsonextend/constructor/bytebase/tokenprovider.go:66.2,68.37 2 1
github.com/jaksonlin/go-jsonextend/constructor/bytebase/tokenprovider.go:68.37,70.17 2 1
github.com/jaksonlin/go-jsonextend/constructor/bytebase/tokenprovider.go:70.17,72.4 1 0
github.com/jaksonlin/go-jsonextend/constructor/bytebase/tokenprovider.go:73.8,76.3 2 1
github.com/jaksonlin/go-jsonextend/constructor/bytebase/tokenprovider.go:78.2,78.27 1 1
github.com/jaksonlin/go-jsonextend/constructor/bytebase/tokenprovider.go:81.42,84.16 3 1
github.com/jaksonlin/go-jsonextend/constructor/bytebase/tokenprovider.go:84.16,86.3 1 0
github.com/jaksonlin/go-jsonextend/constructor/bytebase/tokenprovider.go:87.2,89.26 3 1
github.com/jaksonlin/go-jsonextend/constructor/bytebase/tokenprovider.go:89.26,91.3 1 0
github.com/jaksonlin/go-jsonextend/constructor/bytebase/tokenprovider.go:92.2,92.12 1 1
github.com/jaksonlin/go-jsonextend/constructor/bytebase/tokenprovider.go:96.55,98.6 2 1
github.com/jaksonlin/go-jsonextend/constructor/bytebase/tokenprovider.go:98.6,100.17 2 1
github.com/jaksonlin/go-jsonextend/constructor/bytebase/tokenprovider.go:100.17,101.21 1 0
github.com/jaksonlin/go-jsonextend/constructor/bytebase/tokenprovider.go:101.21,103.5 1 0
github.com/jaksonlin/go-jsonextend/constructor/bytebase/tokenprovider.go:104.4,106.9 2 0
github.com/jaksonlin/go-jsonextend/constructor/bytebase/tokenprovider.go:108.3,108.52 1 1
github.com/jaksonlin/go-jsonextend/constructor/bytebase/tokenprovider.go:108.52,110.9 2 1
github.com/jaksonlin/go-jsonextend/constructor/bytebase/tokenprovider.go:112.3,112.22 1 1
github.com/jaksonlin/go-jsonextend/constructor/bytebase/tokenprovider.go:115.2,117.16 3 1
github.com/jaksonlin/go-jsonextend/constructor/bytebase/tokenprovider.go:117.16,119.3 1 0
github.com/jaksonlin/go-jsonextend/constructor/bytebase/tokenprovider.go:120.2,123.16 4 1
github.com/jaksonlin/go-jsonextend/constructor/bytebase/tokenprovider.go:123.16,125.3 1 0
github.com/jaksonlin/go-jsonextend/constructor/bytebase/tokenprovider.go:126.2,126.17 1 1
github.com/jaksonlin/go-jsonextend/constructor/bytebase/tokenprovider.go:129.54,135.6 4 1
github.com/jaksonlin/go-jsonextend/constructor/bytebase/tokenprovider.go:135.6,137.17 2 1
github.com/jaksonlin/go-jsonextend/constructor/bytebase/tokenprovider.go:137.17,139.4 1 0
github.com/jaksonlin/go-jsonextend/constructor/bytebase/tokenprovider.go:142.3,142.22 1 1
github.com/jaksonlin/go-jsonextend/constructor/bytebase/tokenprovider.go:142.22,144.39 1 1
github.com/jaksonlin/go-jsonextend/constructor/bytebase/tokenprovider.go:144.39,146.33 2 1
github.com/jaksonlin/go-jsonextend/constructor/bytebase/tokenprovider.go:146.33,149.20 3 1
github.com/jaksonlin/go-jsonextend/constructor/bytebase/tokenprovider.go:149.20,151.7 1 0
github.com/jaksonlin/go-jsonextend/constructor/bytebase/tokenprovider.go:152.6,154.20 3 1
github.com/jaksonlin/go-jsonextend/constructor/bytebase/tokenprovider.go:156.10,156.47 1 1
github.com/jaksonlin/go-jsonextend/constructor/bytebase/tokenprovider.go:156.47,158.5 1 0
github.com/jaksonlin/go-jsonextend/constructor/bytebase/tokenprovider.go:159.9,161.4 1 0
github.com/jaksonlin/go-jsonextend/constructor/bytebase/tokenprovider.go:162.3,162.20 1 1
github.com/jaksonlin/go-jsonextend/constructor/bytebase/tokenprovider.go:167.56,169.16 2 1
github.com/jaksonlin/go-jsonextend/constructor/bytebase/tokenprovider.go:169.16,171.3 1 0
github.com/jaksonlin/go-jsonextend/constructor/bytebase/tokenprovider.go:172.2,174.22 3 1
github.com/jaksonlin/go-jsonextend/constructor/bytebase/utils.go:9.59,10.9 1 1
github.com/jaksonlin/go-jsonextend/constructor/bytebase/utils.go:11.41,12.28 1 1
github.com/jaksonlin/go-jsonextend/constructor/bytebase/utils.go:13.16,14.28 1 1
github.com/jaksonlin/go-jsonextend/constructor/bytebase/utils.go:15.28,16.29 1 1
github.com/jaksonlin/go-jsonextend/constructor/bytebase/utils.go:17.16,18.26 1 1
github.com/jaksonlin/go-jsonextend/constructor/bytebase/utils.go:19.16,20.30 1 1
github.com/jaksonlin/go-jsonextend/constructor/bytebase/utils.go:21.16,22.32 1 1
github.com/jaksonlin/go-jsonextend/constructor/bytebase/utils.go:23.16,24.34 1 1
github.com/jaksonlin/go-jsonextend/constructor/bytebase/utils.go:25.16,26.33 1 1
github.com/jaksonlin/go-jsonextend/constructor/bytebase/utils.go:27.16,28.35 1 1
github.com/jaksonlin/go-jsonextend/constructor/bytebase/utils.go:29.16,30.27 1 1
github.com/jaksonlin/go-jsonextend/constructor/bytebase/utils.go:31.16,32.27 1 1
github.com/jaksonlin/go-jsonextend/constructor/bytebase/utils.go:33.24,34.27 1 1
github.com/jaksonlin/go-jsonextend/constructor/bytebase/utils.go:35.10,36.26 1 0
github.com/jaksonlin/go-jsonextend/constructor/bytebase/utils.go:42.47,43.11 1 1
github.com/jaksonlin/go-jsonextend/constructor/bytebase/utils.go:44.27,44.27 0 1
github.com/jaksonlin/go-jsonextend/constructor/bytebase/utils.go:45.26,45.26 0 1
github.com/jaksonlin/go-jsonextend/constructor/bytebase/utils.go:46.26,46.26 0 1
github.com/jaksonlin/go-jsonextend/constructor/bytebase/utils.go:47.24,47.24 0 1
github.com/jaksonlin/go-jsonextend/constructor/bytebase/utils.go:48.28,48.28 0 1
github.com/jaksonlin/go-jsonextend/constructor/bytebase/utils.go:49.10,50.15 1 1
github.com/jaksonlin/go-jsonextend/constructor/bytebase/utils.go:52.2,52.13 1 1
github.com/jaksonlin/go-jsonextend/constructor/bytebase/utils.go:55.36,57.2 1 1
github.com/jaksonlin/go-jsonextend/constructor/golang/ast.go:15.48,19.2 1 1
github.com/jaksonlin/go-jsonextend/constructor/golang/ast.go:22.76,24.11 1 1
github.com/jaksonlin/go-jsonextend/constructor/golang/ast.go:25.30,26.53 1 1
github.com/jaksonlin/go-jsonextend/constructor/golang/ast.go:27.32,28.52 1 0
github.com/jaksonlin/go-jsonextend/constructor/golang/ast.go:29.33,30.14 1 0
github.com/jaksonlin/go-jsonextend/constructor/golang/ast.go:31.31,33.17 2 1
github.com/jaksonlin/go-jsonextend/constructor/golang/ast.go:33.17,35.4 1 0
github.com/jaksonlin/go-jsonextend/constructor/golang/ast.go:36.10,37.51 1 0
github.com/jaksonlin/go-jsonextend/constructor/golang/ast.go:39.2,39.12 1 1
github.com/jaksonlin/go-jsonextend/constructor/golang/ast.go:42.106,44.2 1 1
github.com/jaksonlin/go-jsonextend/constructor/golang/ast.go:46.54,48.2 1 1
github.com/jaksonlin/go-jsonextend/constructor/golang/ast.go:50.51,52.2 1 1
github.com/jaksonlin/go-jsonextend/constructor/golang/ast.go:54.75,56.2 1 1
github.com/jaksonlin/go-jsonextend/constructor/golang/ast.go:58.55,60.2 1 1
github.com/jaksonlin/go-jsonextend/constructor/golang/astbuilder.go:14.79,16.16 2 1
github.com/jaksonlin/go-jsonextend/constructor/golang/astbuilder.go:16.16,18.3 1 0
github.com/jaksonlin/go-jsonextend/constructor/golang/astbuilder.go:19.2,22.8 1 1
github.com/jaksonlin/go-jsonextend/constructor/golang/astbuilder.go:28.76,31.16 2 1
github.com/jaksonlin/go-jsonextend/constructor/golang/astbuilder.go:31.16,33.3 1 1
github.com/jaksonlin/go-jsonextend/constructor/golang/astbuilder.go:35.2,35.40 1 1
github.com/jaksonlin/go-jsonextend/constructor/golang/astbuilder.go:35.40,37.17 2 1
github.com/jaksonlin/go-jsonextend/constructor/golang/astbuilder.go:37.17,39.4 1 0
github.com/jaksonlin/go-jsonextend/constructor/golang/astbuilder.go:42.2,42.27 1 1
github.com/jaksonlin/go-jsonextend/constructor/golang/astbuilder.go:45.57,47.2 1 1
github.com/jaksonlin/go-jsonextend/constructor/golang/astbuilder.go:48.49,50.2 1 1
github.com/jaksonlin/go-jsonextend/constructor/golang/astbuilder.go:52.62,54.2 1 1
github.com/jaksonlin/go-jsonextend/constructor/golang/astbuilder.go:56.61,58.2 1 1
github.com/jaksonlin/go-jsonextend/constructor/golang/astbuilder.go:60.63,62.2 1 0
github.com/jaksonlin/go-jsonextend/constructor/golang/astbuilder.go:64.106,66.2 1 1
github.com/jaksonlin/go-jsonextend/constructor/golang/astbuilder.go:68.54,70.2 1 1
github.com/jaksonlin/go-jsonextend/constructor/golang/astbuilder.go:72.51,74.2 1 1
github.com/jaksonlin/go-jsonextend/constructor/golang/astbuilder.go:76.75,78.2 1 1
github.com/jaksonlin/go-jsonextend/constructor/golang/astbuilder.go:80.55,82.2 1 1
github.com/jaksonlin/go-jsonextend/constructor/golang/tokenprovider.go:26.64,31.41 4 1
github.com/jaksonlin/go-jsonextend/constructor/golang/tokenprovider.go:31.41,33.3 1 0
github.com/jaksonlin/go-jsonextend/constructor/golang/tokenprovider.go:35.2,41.8 2 1
github.com/jaksonlin/go-jsonextend/constructor/golang/tokenprovider.go:46.67,50.35 3 0
github.com/jaksonlin/go-jsonextend/constructor/golang/tokenprovider.go:50.35,53.42 3 0
github.com/jaksonlin/go-jsonextend/constructor/golang/tokenprovider.go:53.42,55.4 1 0
github.com/jaksonlin/go-jsonextend/constructor/golang/tokenprovider.go:56.3,56.84 1 0
github.com/jaksonlin/go-jsonextend/constructor/golang/tokenprovider.go:58.2,58.12 1 0
github.com/jaksonlin/go-jsonextend/constructor/golang/tokenprovider.go:62.101,63.108 1 0
github.com/jaksonlin/go-jsonextend/constructor/golang/tokenprovider.go:63.108,65.17 2 0
github.com/jaksonlin/go-jsonextend/constructor/golang/tokenprovider.go:65.17,67.4 1 0
github.com/jaksonlin/go-jsonextend/constructor/golang/tokenprovider.go:68.3,69.17 2 0
github.com/jaksonlin/go-jsonextend/constructor/golang/tokenprovider.go:69.17,71.4 1 0
github.com/jaksonlin/go-jsonextend/constructor/golang/tokenprovider.go:72.3,73.13 2 0
github.com/jaksonlin/go-jsonextend/constructor/golang/tokenprovider.go:74.8,76.3 1 0
github.com/jaksonlin/go-jsonextend/constructor/golang/tokenprovider.go:79.100,81.25 2 1
github.com/jaksonlin/go-jsonextend/constructor/golang/tokenprovider.go:81.25,83.3 1 0
github.com/jaksonlin/go-jsonextend/constructor/golang/tokenprovider.go:83.8,85.3 1 1
github.com/jaksonlin/go-jsonextend/constructor/golang/tokenprovider.go:86.2,86.12 1 1
github.com/jaksonlin/go-jsonextend/constructor/golang/tokenprovider.go:89.131,90.20 1 1
github.com/jaksonlin/go-jsonextend/constructor/golang/tokenprovider.go:90.20,92.3 1 0
github.com/jaksonlin/go-jsonextend/constructor/golang/tokenprovider.go:93.2,94.29 2 1
github.com/jaksonlin/go-jsonextend/constructor/golang/tokenprovider.go:94.29,96.3 1 0
github.com/jaksonlin/go-jsonextend/constructor/golang/tokenprovider.go:97.2,97.29 1 1
github.com/jaksonlin/go-jsonextend/constructor/golang/tokenprovider.go:97.29,99.3 1 1
github.com/jaksonlin/go-jsonextend/constructor/golang/tokenprovider.go:99.8,101.51 2 0
github.com/jaksonlin/go-jsonextend/constructor/golang/tokenprovider.go:101.51,103.4 1 0
github.com/jaksonlin/go-jsonextend/constructor/golang/tokenprovider.go:105.3,105.30 1 0
github.com/jaksonlin/go-jsonextend/constructor/golang/tokenprovider.go:105.30,107.18 2 0
github.com/jaksonlin/go-jsonextend/constructor/golang/tokenprovider.go:107.18,109.5 1 0
github.com/jaksonlin/go-jsonextend/constructor/golang/tokenprovider.go:110.9,112.4 1 0
github.com/jaksonlin/go-jsonextend/constructor/golang/tokenprovider.go:114.2,114.65 1 1
github.com/jaksonlin/go-jsonextend/constructor/golang/tokenprovider.go:117.100,119.43 2 1
github.com/jaksonlin/go-jsonextend/constructor/golang/tokenprovider.go:119.43,121.3 1 0
github.com/jaksonlin/go-jsonextend/constructor/golang/tokenprovider.go:123.2,124.9 2 1
github.com/jaksonlin/go-jsonextend/constructor/golang/tokenprovider.go:124.9,128.3 2 1
github.com/jaksonlin/go-jsonextend/constructor/golang/tokenprovider.go:128.8,130.17 2 1
github.com/jaksonlin/go-jsonextend/constructor/golang/tokenprovider.go:130.17,132.4 1 0
github.com/jaksonlin/go-jsonextend/constructor/golang/tokenprovider.go:134.2,134.12 1 1
github.com/jaksonlin/go-jsonextend/constructor/golang/tokenprovider.go:137.68,140.6 3 1
github.com/jaksonlin/go-jsonextend/constructor/golang/tokenprovider.go:140.6,142.17 2 1
github.com/jaksonlin/go-jsonextend/constructor/golang/tokenprovider.go:142.17,143.9 1 1
github.com/jaksonlin/go-jsonextend/constructor/golang/tokenprovider.go:145.3,145.48 1 1
github.com/jaksonlin/go-jsonextend/constructor/golang/tokenprovider.go:145.48,147.23 2 1
github.com/jaksonlin/go-jsonextend/constructor/golang/tokenprovider.go:147.23,149.13 2 1
github.com/jaksonlin/go-jsonextend/constructor/golang/tokenprovider.go:151.4,151.26 1 1
github.com/jaksonlin/go-jsonextend/constructor/golang/tokenprovider.go:151.26,154.19 3 1
github.com/jaksonlin/go-jsonextend/constructor/golang/tokenprovider.go:154.19,156.6 1 0
github.com/jaksonlin/go-jsonextend/constructor/golang/tokenprovider.go:161.2,161.12 1 1
github.com/jaksonlin/go-jsonextend/constructor/golang/tokenprovider.go:164.65,165.50 1 0
github.com/jaksonlin/go-jsonextend/constructor/golang/tokenprovider.go:165.50,168.44 3 0
github.com/jaksonlin/go-jsonextend/constructor/golang/tokenprovider.go:168.44,170.4 1 0
github.com/jaksonlin/go-jsonextend/constructor/golang/tokenprovider.go:171.3,173.41 3 0
github.com/jaksonlin/go-jsonextend/constructor/golang/tokenprovider.go:173.41,175.18 2 0
github.com/jaksonlin/go-jsonextend/constructor/golang/tokenprovider.go:175.18,177.5 1 0
github.com/jaksonlin/go-jsonextend/constructor/golang/tokenprovider.go:178.4,178.109 1 0
github.com/jaksonlin/go-jsonextend/constructor/golang/tokenprovider.go:179.9,179.48 1 0
github.com/jaksonlin/go-jsonextend/constructor/golang/tokenprovider.go:179.48,181.4 1 0
github.com/jaksonlin/go-jsonextend/constructor/golang/tokenprovider.go:181.9,183.4 1 0
github.com/jaksonlin/go-jsonextend/constructor/golang/tokenprovider.go:186.2,186.12 1 0
github.com/jaksonlin/go-jsonextend/constructor/golang/tokenprovider.go:189.68,193.48 2 1
github.com/jaksonlin/go-jsonextend/constructor/golang/tokenprovider.go:193.48,194.47 1 1
github.com/jaksonlin/go-jsonextend/constructor/golang/tokenprovider.go:194.47,196.4 1 0
github.com/jaksonlin/go-jsonextend/constructor/golang/tokenprovider.go:197.8,198.48 1 0
github.com/jaksonlin/go-jsonextend/constructor/golang/tokenprovider.go:198.48,200.4 1 0
github.com/jaksonlin/go-jsonextend/constructor/golang/tokenprovider.go:202.2,202.12 1 1
github.com/jaksonlin/go-jsonextend/constructor/golang/tokenprovider.go:206.69,207.33 1 1
github.com/jaksonlin/go-jsonextend/constructor/golang/tokenprovider.go:207.33,209.35 2 1
github.com/jaksonlin/go-jsonextend/constructor/golang/tokenprovider.go:209.35,211.4 1 1
github.com/jaksonlin/go-jsonextend/constructor/golang/tokenprovider.go:211.9,213.4 1 1
github.com/jaksonlin/go-jsonextend/constructor/golang/tokenprovider.go:215.2,215.12 1 1
github.com/jaksonlin/go-jsonextend/constructor/golang/tokenprovider.go:218.69,221.16 2 1
github.com/jaksonlin/go-jsonextend/constructor/golang/tokenprovider.go:221.16,223.3 1 0
github.com/jaksonlin/go-jsonextend/constructor/golang/tokenprovider.go:224.2,224.40 1 1
github.com/jaksonlin/go-jsonextend/constructor/golang/tokenprovider.go:224.40,226.3 1 1
github.com/jaksonlin/go-jsonextend/constructor/golang/tokenprovider.go:228.2,228.50 1 1
github.com/jaksonlin/go-jsonextend/constructor/golang/tokenprovider.go:228.50,230.3 1 1
github.com/jaksonlin/go-jsonextend/constructor/golang/tokenprovider.go:232.2,232.24 1 1
github.com/jaksonlin/go-jsonextend/constructor/golang/tokenprovider.go:233.32,234.52 1 0
github.com/jaksonlin/go-jsonextend/constructor/golang/tokenprovider.go:234.52,236.4 1 0
github.com/jaksonlin/go-jsonextend/constructor/golang/tokenprovider.go:237.3,239.29 3 0
github.com/jaksonlin/go-jsonextend/constructor/golang/tokenprovider.go:240.30,241.52 1 1
github.com/jaksonlin/go-jsonextend/constructor/golang/tokenprovider.go:241.52,243.4 1 1
github.com/jaksonlin/go-jsonextend/constructor/golang/tokenprovider.go:244.3,246.17 3 1
github.com/jaksonlin/go-jsonextend/constructor/golang/tokenprovider.go:246.17,248.4 1 0
github.com/jaksonlin/go-jsonextend/constructor/golang/tokenprovider.go:249.3,249.29 1 1
github.com/jaksonlin/go-jsonextend/constructor/golang/tokenprovider.go:250.31,251.14 1 1
github.com/jaksonlin/go-jsonextend/constructor/golang/tokenprovider.go:252.33,254.29 2 1
github.com/jaksonlin/go-jsonextend/constructor/golang/tokenprovider.go:255.10,257.29 1 1
github.com/jaksonlin/go-jsonextend/constructor/golang/tokenprovider.go:262.42,264.16 2 1
github.com/jaksonlin/go-jsonextend/constructor/golang/tokenprovider.go:264.16,266.3 1 0
github.com/jaksonlin/go-jsonextend/constructor/golang/tokenprovider.go:268.2,268.12 1 1
github.com/jaksonlin/go-jsonextend/constructor/golang/tokenprovider.go:270.50,272.16 2 1
github.com/jaksonlin/go-jsonextend/constructor/golang/tokenprovider.go:272.16,274.3 1 0
github.com/jaksonlin/go-jsonextend/constructor/golang/tokenprovider.go:275.2,276.17 2 1
github.com/jaksonlin/go-jsonextend/constructor/golang/tokenprovider.go:279.54,281.16 2 1
github.com/jaksonlin/go-jsonextend/constructor/golang/tokenprovider.go:281.16,283.3 1 0
github.com/jaksonlin/go-jsonextend/constructor/golang/tokenprovider.go:284.2,287.16 3 1
github.com/jaksonlin/go-jsonextend/constructor/golang/tokenprovider.go:287.16,289.3 1 0
github.com/jaksonlin/go-jsonextend/constructor/golang/tokenprovider.go:290.2,290.15 1 1
github.com/jaksonlin/go-jsonextend/constructor/golang/tokenprovider.go:293.55,295.16 2 1
github.com/jaksonlin/go-jsonextend/constructor/golang/tokenprovider.go:295.16,297.3 1 0
github.com/jaksonlin/go-jsonextend/constructor/golang/tokenprovider.go:298.2,299.16 2 1
github.com/jaksonlin/go-jsonextend/constructor/golang/tokenprovider.go:299.16,301.3 1 0
github.com/jaksonlin/go-jsonextend/constructor/golang/tokenprovider.go:302.2,302.17 1 1
github.com/jaksonlin/go-jsonextend/constructor/golang/tokenprovider.go:305.56,308.2 1 0
github.com/jaksonlin/go-jsonextend/constructor/golang/util.go:11.98,13.25 1 0
github.com/jaksonlin/go-jsonextend/constructor/golang/util.go:14.78,16.60 2 0
github.com/jaksonlin/go-jsonextend/constructor/golang/util.go:17.83,19.60 2 0
github.com/jaksonlin/go-jsonextend/constructor/golang/util.go:20.10,21.51 1 0
github.com/jaksonlin/go-jsonextend/constructor/golang/util.go:26.66,27.22 1 0
github.com/jaksonlin/go-jsonextend/constructor/golang/util.go:28.78,29.49 1 0
github.com/jaksonlin/go-jsonextend/constructor/golang/util.go:31.83,32.51 1 0
github.com/jaksonlin/go-jsonextend/constructor/golang/util.go:33.23,34.62 1 0
github.com/jaksonlin/go-jsonextend/constructor/golang/util.go:35.23,36.62 1 0
github.com/jaksonlin/go-jsonextend/constructor/golang/util.go:37.10,38.38 1 0
github.com/jaksonlin/go-jsonextend/constructor/golang/util.go:42.48,43.18 1 1
github.com/jaksonlin/go-jsonextend/constructor/golang/util.go:44.98,45.21 1 0
github.com/jaksonlin/go-jsonextend/constructor/golang/util.go:46.25,48.27 2 0
github.com/jaksonlin/go-jsonextend/constructor/golang/util.go:49.10,50.24 1 1
github.com/jaksonlin/go-jsonextend/constructor/golang/util.go:55.34,56.25 1 0
github.com/jaksonlin/go-jsonextend/constructor/golang/util.go:56.25,58.3 1 0
github.com/jaksonlin/go-jsonextend/constructor/golang/util.go:60.2,61.17 2 0
github.com/jaksonlin/go-jsonextend/constructor/golang/util.go:61.17,65.3 3 0
github.com/jaksonlin/go-jsonextend/constructor/golang/util.go:67.2,67.25 1 0
github.com/jaksonlin/go-jsonextend/constructor/golang/util.go:70.34,72.2 1 0
github.com/jaksonlin/go-jsonextend/constructor/golang/util.go:75.66,77.20 1 1
github.com/jaksonlin/go-jsonextend/constructor/golang/util.go:78.78,79.33 1 1
github.com/jaksonlin/go-jsonextend/constructor/golang/util.go:80.83,81.34 1 0
github.com/jaksonlin/go-jsonextend/constructor/golang/util.go:82.40,83.26 1 0
github.com/jaksonlin/go-jsonextend/constructor/golang/util.go:84.10,85.38 1 0
github.com/jaksonlin/go-jsonextend/interpreter/err.go:47.52,49.2 1 0
github.com/jaksonlin/go-jsonextend/interpreter/err.go:51.61,53.2 1 0
github.com/jaksonlin/go-jsonextend/interpreter/err.go:55.83,57.2 1 0
github.com/jaksonlin/go-jsonextend/interpreter/err.go:58.82,60.2 1 0
github.com/jaksonlin/go-jsonextend/interpreter/err.go:62.62,64.2 1 0
github.com/jaksonlin/go-jsonextend/interpreter/err.go:66.48,68.2 1 0
github.com/jaksonlin/go-jsonextend/interpreter/interpreter.go:38.77,48.2 1 1
github.com/jaksonlin/go-jsonextend/interpreter/interpreter.go:50.52,52.2 1 1
github.com/jaksonlin/go-jsonextend/interpreter/interpreter.go:54.50,56.14 2 1
github.com/jaksonlin/go-jsonextend/interpreter/interpreter.go:56.14,58.3 1 0
github.com/jaksonlin/go-jsonextend/interpreter/interpreter.go:60.2,60.36 1 1
github.com/jaksonlin/go-jsonextend/interpreter/interpreter.go:60.36,70.21 5 1
github.com/jaksonlin/go-jsonextend/interpreter/interpreter.go:70.21,72.16 2 1
github.com/jaksonlin/go-jsonextend/interpreter/interpreter.go:72.16,74.5 1 1
github.com/jaksonlin/go-jsonextend/interpreter/interpreter.go:75.4,75.21 1 0
github.com/jaksonlin/go-jsonextend/interpreter/interpreter.go:75.21,79.5 3 0
github.com/jaksonlin/go-jsonextend/interpreter/interpreter.go:80.4,80.26 1 0
github.com/jaksonlin/go-jsonextend/interpreter/interpreter.go:82.3,83.61 2 0
github.com/jaksonlin/go-jsonextend/interpreter/interpreter.go:85.8,87.20 1 1
github.com/jaksonlin/go-jsonextend/interpreter/interpreter.go:87.20,89.4 1 1
github.com/jaksonlin/go-jsonextend/interpreter/interpreter.go:89.9,93.4 3 1
github.com/jaksonlin/go-jsonextend/interpreter/interpreter.go:95.2,95.12 1 1
github.com/jaksonlin/go-jsonextend/interpreter/interpreter.go:98.78,101.2 2 1
github.com/jaksonlin/go-jsonextend/interpreter/interpreter.go:103.78,106.2 2 0
github.com/jaksonlin/go-jsonextend/interpreter/interpreter.go:108.80,111.2 2 0
github.com/jaksonlin/go-jsonextend/interpreter/interpreter.go:113.74,116.2 2 0
github.com/jaksonlin/go-jsonextend/interpreter/interpreter.go:118.110,121.53 3 1
github.com/jaksonlin/go-jsonextend/interpreter/interpreter.go:121.53,123.9 2 1
github.com/jaksonlin/go-jsonextend/interpreter/interpreter.go:123.9,125.18 2 1
github.com/jaksonlin/go-jsonextend/interpreter/interpreter.go:125.18,127.5 1 0
github.com/jaksonlin/go-jsonextend/interpreter/interpreter.go:129.4,129.25 1 1
github.com/jaksonlin/go-jsonextend/interpreter/interpreter.go:129.25,131.5 1 1
github.com/jaksonlin/go-jsonextend/interpreter/interpreter.go:132.4,132.61 1 1
github.com/jaksonlin/go-jsonextend/interpreter/interpreter.go:137.2,138.24 2 1
github.com/jaksonlin/go-jsonextend/interpreter/interpreter.go:141.90,144.9 2 1
github.com/jaksonlin/go-jsonextend/interpreter/interpreter.go:144.9,147.3 2 0
github.com/jaksonlin/go-jsonextend/interpreter/interpreter.go:147.8,149.17 2 1
github.com/jaksonlin/go-jsonextend/interpreter/interpreter.go:149.17,151.4 1 0
github.com/jaksonlin/go-jsonextend/interpreter/interpreter.go:152.3,152.24 1 1
github.com/jaksonlin/go-jsonextend/interpreter/interpreter.go:152.24,154.4 1 0
github.com/jaksonlin/go-jsonextend/interpreter/interpreter.go:155.3,155.22 1 1
github.com/jaksonlin/go-jsonextend/interpreter/interpreter.go:158.2,158.24 1 1
github.com/jaksonlin/go-jsonextend/interpreter/interpreter.go:161.76,165.44 4 0
github.com/jaksonlin/go-jsonextend/interpreter/interpreter.go:165.44,167.29 2 0
github.com/jaksonlin/go-jsonextend/interpreter/interpreter.go:167.29,169.4 1 0
github.com/jaksonlin/go-jsonextend/interpreter/interpreter.go:169.9,171.4 1 0
github.com/jaksonlin/go-jsonextend/interpreter/interpreter.go:173.2,173.12 1 0
github.com/jaksonlin/go-jsonextend/interpreter/interpreter.go:176.90,182.2 3 1
github.com/jaksonlin/go-jsonextend/interpreter/interpreter.go:184.49,186.2 1 1
github.com/jaksonlin/go-jsonextend/interpreter/interpreter.go:188.78,192.44 4 1
github.com/jaksonlin/go-jsonextend/interpreter/interpreter.go:192.44,194.29 2 1
github.com/jaksonlin/go-jsonextend/interpreter/interpreter.go:194.29,197.4 2 1
github.com/jaksonlin/go-jsonextend/interpreter/interpreter.go:197.9,200.4 2 1
github.com/jaksonlin/go-jsonextend/interpreter/interpreter.go:202.2,202.12 1 1
github.com/jaksonlin/go-jsonextend/interpreter/interpreter.go:205.91,211.6 3 1
github.com/jaksonlin/go-jsonextend/interpreter/interpreter.go:211.6,213.17 2 1
github.com/jaksonlin/go-jsonextend/interpreter/interpreter.go:213.17,214.9 1 0
github.com/jaksonlin/go-jsonextend/interpreter/interpreter.go:216.3,217.17 2 1
github.com/jaksonlin/go-jsonextend/interpreter/interpreter.go:217.17,218.35 1 1
github.com/jaksonlin/go-jsonextend/interpreter/interpreter.go:218.35,220.5 1 0
github.com/jaksonlin/go-jsonextend/interpreter/interpreter.go:220.10,221.10 1 1
github.com/jaksonlin/go-jsonextend/interpreter/interpreter.go:227.2,227.35 1 1
github.com/jaksonlin/go-jsonextend/interpreter/interpreter.go:227.35,229.3 1 0
github.com/jaksonlin/go-jsonextend/interpreter/interpreter.go:230.2,231.16 2 1
github.com/jaksonlin/go-jsonextend/interpreter/interpreterNoFormat.go:22.72,30.2 1 1
github.com/jaksonlin/go-jsonextend/interpreter/interpreterNoFormat.go:32.49,34.2 1 1
github.com/jaksonlin/go-jsonextend/interpreter/interpreterNoFormat.go:36.47,38.14 2 1
github.com/jaksonlin/go-jsonextend/interpreter/interpreterNoFormat.go:38.14,40.3 1 0
github.com/jaksonlin/go-jsonextend/interpreter/interpreterNoFormat.go:41.2,43.36 2 1
github.com/jaksonlin/go-jsonextend/interpreter/interpreterNoFormat.go:43.36,46.21 1 1
github.com/jaksonlin/go-jsonextend/interpreter/interpreterNoFormat.go:46.21,48.16 2 1
github.com/jaksonlin/go-jsonextend/interpreter/interpreterNoFormat.go:48.16,50.5 1 1
github.com/jaksonlin/go-jsonextend/interpreter/interpreterNoFormat.go:51.4,51.26 1 1
github.com/jaksonlin/go-jsonextend/interpreter/interpreterNoFormat.go:55.2,55.12 1 1
github.com/jaksonlin/go-jsonextend/interpreter/interpreterNoFormat.go:58.75,61.2 2 1
github.com/jaksonlin/go-jsonextend/interpreter/interpreterNoFormat.go:63.75,66.2 2 1
github.com/jaksonlin/go-jsonextend/interpreter/interpreterNoFormat.go:68.77,69.16 1 1
github.com/jaksonlin/go-jsonextend/interpreter/interpreterNoFormat.go:69.16,71.3 1 1
github.com/jaksonlin/go-jsonextend/interpreter/interpreterNoFormat.go:71.8,73.3 1 0
github.com/jaksonlin/go-jsonextend/interpreter/interpreterNoFormat.go:74.2,74.24 1 1
github.com/jaksonlin/go-jsonextend/interpreter/interpreterNoFormat.go:77.71,80.2 2 1
github.com/jaksonlin/go-jsonextend/interpreter/interpreterNoFormat.go:82.107,85.53 3 0
github.com/jaksonlin/go-jsonextend/interpreter/interpreterNoFormat.go:85.53,87.9 2 0
github.com/jaksonlin/go-jsonextend/interpreter/interpreterNoFormat.go:87.9,89.18 2 0
github.com/jaksonlin/go-jsonextend/interpreter/interpreterNoFormat.go:89.18,91.5 1 0
github.com/jaksonlin/go-jsonextend/interpreter/interpreterNoFormat.go:93.4,93.25 1 0
github.com/jaksonlin/go-jsonextend/interpreter/interpreterNoFormat.go:93.25,95.5 1 0
github.com/jaksonlin/go-jsonextend/interpreter/interpreterNoFormat.go:96.4,96.61 1 0
github.com/jaksonlin/go-jsonextend/interpreter/interpreterNoFormat.go:101.2,102.24 2 0
github.com/jaksonlin/go-jsonextend/interpreter/interpreterNoFormat.go:105.87,108.9 2 0
github.com/jaksonlin/go-jsonextend/interpreter/interpreterNoFormat.go:108.9,111.3 2 0
github.com/jaksonlin/go-jsonextend/interpreter/interpreterNoFormat.go:111.8,113.17 2 0
github.com/jaksonlin/go-jsonextend/interpreter/interpreterNoFormat.go:113.17,115.4 1 0
github.com/jaksonlin/go-jsonextend/interpreter/interpreterNoFormat.go:116.3,116.24 1 0
github.com/jaksonlin/go-jsonextend/interpreter/interpreterNoFormat.go:116.24,118.4 1 0
github.com/jaksonlin/go-jsonextend/interpreter/interpreterNoFormat.go:119.3,119.22 1 0
github.com/jaksonlin/go-jsonextend/interpreter/interpreterNoFormat.go:122.2,122.24 1 0
github.com/jaksonlin/go-jsonextend/interpreter/interpreterNoFormat.go:125.73,128.44 2 0
github.com/jaksonlin/go-jsonextend/interpreter/interpreterNoFormat.go:128.44,130.29 2 0
github.com/jaksonlin/go-jsonextend/interpreter/interpreterNoFormat.go:130.29,132.4 1 0
github.com/jaksonlin/go-jsonextend/interpreter/interpreterNoFormat.go:132.9,134.4 1 0
github.com/jaksonlin/go-jsonextend/interpreter/interpreterNoFormat.go:136.2,136.12 1 0
github.com/jaksonlin/go-jsonextend/interpreter/interpreterNoFormat.go:139.87,145.2 3 1
github.com/jaksonlin/go-jsonextend/interpreter/interpreterNoFormat.go:147.46,149.2 1 1
github.com/jaksonlin/go-jsonextend/interpreter/interpreterNoFormat.go:151.75,153.44 2 1
github.com/jaksonlin/go-jsonextend/interpreter/interpreterNoFormat.go:153.44,155.29 2 1
github.com/jaksonlin/go-jsonextend/interpreter/interpreterNoFormat.go:155.29,158.4 2 1
github.com/jaksonlin/go-jsonextend/interpreter/interpreterNoFormat.go:158.9,161.4 2 1
github.com/jaksonlin/go-jsonextend/interpreter/interpreterNoFormat.go:163.2,163.12 1 1
github.com/jaksonlin/go-jsonextend/interpreter/interpreterNoFormat.go:166.88,172.6 3 1
github.com/jaksonlin/go-jsonextend/interpreter/interpreterNoFormat.go:172.6,174.17 2 1
github.com/jaksonlin/go-jsonextend/interpreter/interpreterNoFormat.go:174.17,175.9 1 0
github.com/jaksonlin/go-jsonextend/interpreter/interpreterNoFormat.go:177.3,178.17 2 1
github.com/jaksonlin/go-jsonextend/interpreter/interpreterNoFormat.go:178.17,179.35 1 1
github.com/jaksonlin/go-jsonextend/interpreter/interpreterNoFormat.go:179.35,181.5 1 0
github.com/jaksonlin/go-jsonextend/interpreter/interpreterNoFormat.go:181.10,182.10 1 1
github.com/jaksonlin/go-jsonextend/interpreter/interpreterNoFormat.go:188.2,188.35 1 1
github.com/jaksonlin/go-jsonextend/interpreter/interpreterNoFormat.go:188.35,190.3 1 0
github.com/jaksonlin/go-jsonextend/interpreter/interpreterNoFormat.go:191.2,192.16 2 1
github.com/jaksonlin/go-jsonextend/token/token.go:45.38,47.2 1 1
github.com/jaksonlin/go-jsonextend/token/token.go:49.59,51.35 2 1
github.com/jaksonlin/go-jsonextend/token/token.go:51.35,52.17 1 1
github.com/jaksonlin/go-jsonextend/token/token.go:52.17,54.4 1 1
github.com/jaksonlin/go-jsonextend/token/token.go:55.3,55.17 1 1
github.com/jaksonlin/go-jsonextend/token/token.go:57.2,57.19 1 1
github.com/jaksonlin/go-jsonextend/token/token.go:60.36,61.22 1 1
github.com/jaksonlin/go-jsonextend/token/token.go:62.22,63.22 1 1
github.com/jaksonlin/go-jsonextend/token/token.go:64.20,65.23 1 1
github.com/jaksonlin/go-jsonextend/token/token.go:66.36,67.28 1 0
github.com/jaksonlin/go-jsonextend/token/token.go:68.35,69.26 1 1
github.com/jaksonlin/go-jsonextend/token/token.go:70.10,71.23 1 0
github.com/jaksonlin/go-jsonextend/tokenizer/arraystate.go:14.42,16.2 1 0
github.com/jaksonlin/go-jsonextend/tokenizer/arraystate.go:18.76,21.16 2 1
github.com/jaksonlin/go-jsonextend/tokenizer/arraystate.go:21.16,23.3 1 0
github.com/jaksonlin/go-jsonextend/tokenizer/arraystate.go:25.2,25.37 1 1
github.com/jaksonlin/go-jsonextend/tokenizer/arraystate.go:28.71,31.16 2 1
github.com/jaksonlin/go-jsonextend/tokenizer/arraystate.go:31.16,32.24 1 1
github.com/jaksonlin/go-jsonextend/tokenizer/arraystate.go:34.26,34.26 0 1
github.com/jaksonlin/go-jsonextend/tokenizer/arraystate.go:35.26,35.26 0 1
github.com/jaksonlin/go-jsonextend/tokenizer/arraystate.go:37.34,38.40 1 1
github.com/jaksonlin/go-jsonextend/tokenizer/arraystate.go:39.11,40.61 1 0
github.com/jaksonlin/go-jsonextend/tokenizer/arraystate.go:43.2,43.12 1 1
github.com/jaksonlin/go-jsonextend/tokenizer/booleanstate.go:11.44,13.2 1 1
github.com/jaksonlin/go-jsonextend/tokenizer/booleanstate.go:15.78,18.16 2 1
github.com/jaksonlin/go-jsonextend/tokenizer/booleanstate.go:18.16,20.3 1 0
github.com/jaksonlin/go-jsonextend/tokenizer/booleanstate.go:22.2,23.16 2 1
github.com/jaksonlin/go-jsonextend/tokenizer/booleanstate.go:23.16,25.3 1 0
github.com/jaksonlin/go-jsonextend/tokenizer/booleanstate.go:26.2,26.24 1 1
github.com/jaksonlin/go-jsonextend/tokenizer/err.go:22.74,24.2 1 0
github.com/jaksonlin/go-jsonextend/tokenizer/factory.go:12.84,15.2 2 1
github.com/jaksonlin/go-jsonextend/tokenizer/factory.go:17.90,19.16 2 1
github.com/jaksonlin/go-jsonextend/tokenizer/factory.go:19.16,21.3 1 0
github.com/jaksonlin/go-jsonextend/tokenizer/factory.go:22.2,22.46 1 1
github.com/jaksonlin/go-jsonextend/tokenizer/factory.go:25.86,40.36 11 1
github.com/jaksonlin/go-jsonextend/tokenizer/factory.go:40.36,43.4 2 1
github.com/jaksonlin/go-jsonextend/tokenizer/factory.go:44.36,47.4 2 1
github.com/jaksonlin/go-jsonextend/tokenizer/factory.go:48.37,51.4 2 1
github.com/jaksonlin/go-jsonextend/tokenizer/factory.go:52.34,55.4 2 1
github.com/jaksonlin/go-jsonextend/tokenizer/factory.go:56.42,59.4 2 1
github.com/jaksonlin/go-jsonextend/tokenizer/factory.go:60.40,63.4 2 1
github.com/jaksonlin/go-jsonextend/tokenizer/factory.go:64.38,67.4 2 1
github.com/jaksonlin/go-jsonextend/tokenizer/factory.go:69.2,70.12 2 1
github.com/jaksonlin/go-jsonextend/tokenizer/initstate.go:14.41,16.2 1 0
github.com/jaksonlin/go-jsonextend/tokenizer/initstate.go:18.75,21.16 2 1
github.com/jaksonlin/go-jsonextend/tokenizer/initstate.go:21.16,23.3 1 0
github.com/jaksonlin/go-jsonextend/tokenizer/initstate.go:25.2,25.37 1 1
github.com/jaksonlin/go-jsonextend/tokenizer/initstate.go:28.70,30.16 2 1
github.com/jaksonlin/go-jsonextend/tokenizer/initstate.go:30.16,31.24 1 1
github.com/jaksonlin/go-jsonextend/tokenizer/initstate.go:32.26,32.26 0 1
github.com/jaksonlin/go-jsonextend/tokenizer/initstate.go:33.11,34.61 1 0
github.com/jaksonlin/go-jsonextend/tokenizer/initstate.go:37.2,37.12 1 1
github.com/jaksonlin/go-jsonextend/tokenizer/nullstate.go:13.41,15.2 1 1
github.com/jaksonlin/go-jsonextend/tokenizer/nullstate.go:17.75,19.16 2 1
github.com/jaksonlin/go-jsonextend/tokenizer/nullstate.go:19.16,21.3 1 0
github.com/jaksonlin/go-jsonextend/tokenizer/nullstate.go:22.2,23.16 2 1
github.com/jaksonlin/go-jsonextend/tokenizer/nullstate.go:23.16,25.3 1 0
github.com/jaksonlin/go-jsonextend/tokenizer/nullstate.go:27.2,27.24 1 1
github.com/jaksonlin/go-jsonextend/tokenizer/numberstate.go:13.43,15.2 1 1
github.com/jaksonlin/go-jsonextend/tokenizer/numberstate.go:17.77,19.16 2 1
github.com/jaksonlin/go-jsonextend/tokenizer/numberstate.go:19.16,21.3 1 0
github.com/jaksonlin/go-jsonextend/tokenizer/numberstate.go:23.2,25.16 2 1
github.com/jaksonlin/go-jsonextend/tokenizer/numberstate.go:25.16,27.3 1 0
github.com/jaksonlin/go-jsonextend/tokenizer/numberstate.go:29.2,29.24 1 1
github.com/jaksonlin/go-jsonextend/tokenizer/objectstate.go:14.43,16.2 1 0
github.com/jaksonlin/go-jsonextend/tokenizer/objectstate.go:18.77,21.16 2 1
github.com/jaksonlin/go-jsonextend/tokenizer/objectstate.go:21.16,23.3 1 1
github.com/jaksonlin/go-jsonextend/tokenizer/objectstate.go:25.2,25.37 1 1
github.com/jaksonlin/go-jsonextend/tokenizer/objectstate.go:28.72,31.16 2 1
github.com/jaksonlin/go-jsonextend/tokenizer/objectstate.go:31.16,32.24 1 1
github.com/jaksonlin/go-jsonextend/tokenizer/objectstate.go:34.26,34.26 0 1
github.com/jaksonlin/go-jsonextend/tokenizer/objectstate.go:35.26,35.26 0 1
github.com/jaksonlin/go-jsonextend/tokenizer/objectstate.go:36.26,36.26 0 1
github.com/jaksonlin/go-jsonextend/tokenizer/objectstate.go:38.32,39.40 1 1
github.com/jaksonlin/go-jsonextend/tokenizer/objectstate.go:40.11,41.61 1 0
github.com/jaksonlin/go-jsonextend/tokenizer/objectstate.go:44.2,44.12 1 1
github.com/jaksonlin/go-jsonextend/tokenizer/state.go:45.94,49.2 1 1
github.com/jaksonlin/go-jsonextend/tokenizer/state.go:52.60,54.61 1 1
github.com/jaksonlin/go-jsonextend/tokenizer/state.go:54.61,56.3 1 0
github.com/jaksonlin/go-jsonextend/tokenizer/state.go:57.2,57.12 1 1
github.com/jaksonlin/go-jsonextend/tokenizer/state.go:61.97,63.2 1 1
github.com/jaksonlin/go-jsonextend/tokenizer/statemachine.go:29.85,31.9 2 1
github.com/jaksonlin/go-jsonextend/tokenizer/statemachine.go:31.9,33.3 1 1
github.com/jaksonlin/go-jsonextend/tokenizer/statemachine.go:34.2,35.12 2 1
github.com/jaksonlin/go-jsonextend/tokenizer/statemachine.go:38.100,40.19 1 1
github.com/jaksonlin/go-jsonextend/tokenizer/statemachine.go:41.19,42.66 1 1
github.com/jaksonlin/go-jsonextend/tokenizer/statemachine.go:43.20,44.67 1 1
github.com/jaksonlin/go-jsonextend/tokenizer/statemachine.go:45.19,46.66 1 1
github.com/jaksonlin/go-jsonextend/tokenizer/statemachine.go:47.17,48.64 1 1
github.com/jaksonlin/go-jsonextend/tokenizer/statemachine.go:49.21,50.68 1 1
github.com/jaksonlin/go-jsonextend/tokenizer/statemachine.go:51.28,52.75 1 1
github.com/jaksonlin/go-jsonextend/tokenizer/statemachine.go:53.10,54.48 1 0
github.com/jaksonlin/go-jsonextend/tokenizer/statemachine.go:59.61,60.32 1 1
github.com/jaksonlin/go-jsonextend/tokenizer/statemachine.go:60.32,63.3 1 1
github.com/jaksonlin/go-jsonextend/tokenizer/statemachine.go:64.2,65.16 2 1
github.com/jaksonlin/go-jsonextend/tokenizer/statemachine.go:65.16,67.3 1 0
github.com/jaksonlin/go-jsonextend/tokenizer/statemachine.go:68.2,68.11 1 1
github.com/jaksonlin/go-jsonextend/tokenizer/statemachine.go:69.21,71.13 2 1
github.com/jaksonlin/go-jsonextend/tokenizer/statemachine.go:72.22,73.14 1 1
github.com/jaksonlin/go-jsonextend/tokenizer/statemachine.go:74.22,76.13 2 1
github.com/jaksonlin/go-jsonextend/tokenizer/statemachine.go:77.10,78.41 1 0
github.com/jaksonlin/go-jsonextend/tokenizer/statemachine.go:82.53,83.6 1 1
github.com/jaksonlin/go-jsonextend/tokenizer/statemachine.go:83.6,85.33 1 1
github.com/jaksonlin/go-jsonextend/tokenizer/statemachine.go:85.33,87.4 1 1
github.com/jaksonlin/go-jsonextend/tokenizer/statemachine.go:88.3,91.17 2 1
github.com/jaksonlin/go-jsonextend/tokenizer/statemachine.go:91.17,92.21 1 1
github.com/jaksonlin/go-jsonextend/tokenizer/statemachine.go:92.21,93.36 1 0
github.com/jaksonlin/go-jsonextend/tokenizer/statemachine.go:93.36,95.6 1 0
github.com/jaksonlin/go-jsonextend/tokenizer/statemachine.go:96.5,96.15 1 0
github.com/jaksonlin/go-jsonextend/tokenizer/statemachine.go:97.10,99.5 1 1
github.com/jaksonlin/go-jsonextend/tokenizer/statemachine.go:104.60,106.2 1 0
github.com/jaksonlin/go-jsonextend/tokenizer/statemachine.go:108.55,110.2 1 1
github.com/jaksonlin/go-jsonextend/tokenizer/statemachine.go:112.72,114.2 1 1
github.com/jaksonlin/go-jsonextend/tokenizer/stringstate.go:14.43,16.2 1 1
github.com/jaksonlin/go-jsonextend/tokenizer/stringstate.go:18.77,21.16 2 1
github.com/jaksonlin/go-jsonextend/tokenizer/stringstate.go:21.16,23.3 1 0
github.com/jaksonlin/go-jsonextend/tokenizer/stringstate.go:25.2,25.42 1 1
github.com/jaksonlin/go-jsonextend/tokenizer/stringstate.go:25.42,27.3 1 1
github.com/jaksonlin/go-jsonextend/tokenizer/stringstate.go:27.8,29.3 1 1
github.com/jaksonlin/go-jsonextend/tokenizer/stringstate.go:31.2,31.16 1 1
github.com/jaksonlin/go-jsonextend/tokenizer/stringstate.go:31.16,33.3 1 0
github.com/jaksonlin/go-jsonextend/tokenizer/stringstate.go:34.2,34.24 1 1
github.com/jaksonlin/go-jsonextend/tokenizer/tokenreader.go:7.70,11.2 1 1
github.com/jaksonlin/go-jsonextend/tokenizer/variablestate.go:14.45,16.2 1 1
github.com/jaksonlin/go-jsonextend/tokenizer/variablestate.go:18.79,21.16 2 1
github.com/jaksonlin/go-jsonextend/tokenizer/variablestate.go:21.16,23.3 1 0
github.com/jaksonlin/go-jsonextend/tokenizer/variablestate.go:24.2,24.49 1 1
github.com/jaksonlin/go-jsonextend/tokenizer/variablestate.go:24.49,26.3 1 0
github.com/jaksonlin/go-jsonextend/tokenizer/variablestate.go:28.2,29.16 2 1
github.com/jaksonlin/go-jsonextend/tokenizer/variablestate.go:29.16,31.3 1 0
github.com/jaksonlin/go-jsonextend/tokenizer/variablestate.go:32.2,32.24 1 1
github.com/jaksonlin/go-jsonextend/unmarshaler/err.go:26.48,28.2 1 0
github.com/jaksonlin/go-jsonextend/unmarshaler/err.go:29.70,31.2 1 0
github.com/jaksonlin/go-jsonextend/unmarshaler/err.go:32.49,34.2 1 0
github.com/jaksonlin/go-jsonextend/unmarshaler/err.go:35.84,37.2 1 0
github.com/jaksonlin/go-jsonextend/unmarshaler/unmarshallOptions.go:19.80,26.2 2 1
github.com/jaksonlin/go-jsonextend/unmarshaler/unmarshallOptions.go:28.116,31.9 2 1
github.com/jaksonlin/go-jsonextend/unmarshaler/unmarshallOptions.go:31.9,33.3 1 0
github.com/jaksonlin/go-jsonextend/unmarshaler/unmarshallOptions.go:34.2,34.27 1 1
github.com/jaksonlin/go-jsonextend/unmarshaler/unmarshallOptions.go:37.129,41.63 3 1
github.com/jaksonlin/go-jsonextend/unmarshaler/unmarshallOptions.go:41.63,43.10 2 1
github.com/jaksonlin/go-jsonextend/unmarshaler/unmarshallOptions.go:43.10,44.12 1 0
github.com/jaksonlin/go-jsonextend/unmarshaler/unmarshallOptions.go:46.3,47.17 2 1
github.com/jaksonlin/go-jsonextend/unmarshaler/unmarshallOptions.go:47.17,49.4 1 0
github.com/jaksonlin/go-jsonextend/unmarshaler/unmarshallOptions.go:50.3,50.35 1 1
github.com/jaksonlin/go-jsonextend/unmarshaler/unmarshallOptions.go:50.35,51.36 1 1
github.com/jaksonlin/go-jsonextend/unmarshaler/unmarshallOptions.go:51.36,54.5 1 0
github.com/jaksonlin/go-jsonextend/unmarshaler/unmarshallOptions.go:54.10,58.5 2 1
github.com/jaksonlin/go-jsonextend/unmarshaler/unmarshallOptions.go:59.9,61.4 1 0
github.com/jaksonlin/go-jsonextend/unmarshaler/unmarshallOptions.go:63.2,63.27 1 1
github.com/jaksonlin/go-jsonextend/unmarshaler/unmarshallOptions.go:63.27,64.28 1 1
github.com/jaksonlin/go-jsonextend/unmarshaler/unmarshallOptions.go:64.28,66.4 1 0
github.com/jaksonlin/go-jsonextend/unmarshaler/unmarshallOptions.go:66.9,68.4 1 1
github.com/jaksonlin/go-jsonextend/unmarshaler/unmarshallOptions.go:70.2,70.25 1 1
github.com/jaksonlin/go-jsonextend/unmarshaler/unmarshallOptions.go:75.92,77.33 1 1
github.com/jaksonlin/go-jsonextend/unmarshaler/unmarshallOptions.go:78.19,79.30 1 1
github.com/jaksonlin/go-jsonextend/unmarshaler/unmarshallOptions.go:80.21,81.32 1 0
github.com/jaksonlin/go-jsonextend/unmarshaler/unmarshallOptions.go:82.21,83.32 1 0
github.com/jaksonlin/go-jsonextend/unmarshaler/unmarshallOptions.go:84.21,85.32 1 0
github.com/jaksonlin/go-jsonextend/unmarshaler/unmarshallOptions.go:86.20,87.31 1 0
github.com/jaksonlin/go-jsonextend/unmarshaler/unmarshallOptions.go:88.23,89.34 1 0
github.com/jaksonlin/go-jsonextend/unmarshaler/unmarshallOptions.go:90.23,91.15 1 0
github.com/jaksonlin/go-jsonextend/unmarshaler/unmarshallOptions.go:92.20,93.31 1 0
github.com/jaksonlin/go-jsonextend/unmarshaler/unmarshallOptions.go:94.21,95.32 1 0
github.com/jaksonlin/go-jsonextend/unmarshaler/unmarshallOptions.go:96.22,97.33 1 0
github.com/jaksonlin/go-jsonextend/unmarshaler/unmarshallOptions.go:98.22,99.33 1 0
github.com/jaksonlin/go-jsonextend/unmarshaler/unmarshallOptions.go:100.22,101.33 1 0
github.com/jaksonlin/go-jsonextend/unmarshaler/unmarshallOptions.go:102.25,105.118 2 1
github.com/jaksonlin/go-jsonextend/unmarshaler/unmarshallOptions.go:105.118,107.4 1 1
github.com/jaksonlin/go-jsonextend/unmarshaler/unmarshallOptions.go:108.3,109.9 2 0
github.com/jaksonlin/go-jsonextend/unmarshaler/unmarshallOptions.go:109.9,110.34 1 0
github.com/jaksonlin/go-jsonextend/unmarshaler/unmarshallOptions.go:110.34,112.5 1 0
github.com/jaksonlin/go-jsonextend/unmarshaler/unmarshallOptions.go:112.10,114.5 1 0
github.com/jaksonlin/go-jsonextend/unmarshaler/unmarshallOptions.go:115.9,117.4 1 0
github.com/jaksonlin/go-jsonextend/unmarshaler/unmarshallOptions.go:118.10,119.15 1 0
github.com/jaksonlin/go-jsonextend/unmarshaler/unmarshallOptions.go:123.104,127.64 3 0
github.com/jaksonlin/go-jsonextend/unmarshaler/unmarshallOptions.go:127.64,128.21 1 0
github.com/jaksonlin/go-jsonextend/unmarshaler/unmarshallOptions.go:129.79,131.56 2 0
github.com/jaksonlin/go-jsonextend/unmarshaler/unmarshallOptions.go:132.84,134.56 2 0
github.com/jaksonlin/go-jsonextend/unmarshaler/unmarshallOptions.go:135.11,136.62 1 0
github.com/jaksonlin/go-jsonextend/unmarshaler/unmarshallOptions.go:141.2,141.20 1 0
github.com/jaksonlin/go-jsonextend/unmarshaler/unmarshallOptions.go:142.22,143.37 1 0
github.com/jaksonlin/go-jsonextend/unmarshaler/unmarshallOptions.go:144.189,146.63 1 0
github.com/jaksonlin/go-jsonextend/unmarshaler/unmarshallOptions.go:146.63,148.4 1 0
github.com/jaksonlin/go-jsonextend/unmarshaler/unmarshallOptions.go:149.3,149.94 1 0
github.com/jaksonlin/go-jsonextend/unmarshaler/unmarshallOptions.go:151.10,152.61 1 0
github.com/jaksonlin/go-jsonextend/unmarshaler/unmarshallResolver.go:34.52,35.30 1 1
github.com/jaksonlin/go-jsonextend/unmarshaler/unmarshallResolver.go:35.30,37.3 1 1
github.com/jaksonlin/go-jsonextend/unmarshaler/unmarshallResolver.go:38.2,42.6 4 1
github.com/jaksonlin/go-jsonextend/unmarshaler/unmarshallResolver.go:42.6,44.17 2 1
github.com/jaksonlin/go-jsonextend/unmarshaler/unmarshallResolver.go:44.17,45.9 1 1
github.com/jaksonlin/go-jsonextend/unmarshaler/unmarshallResolver.go:47.3,47.40 1 1
github.com/jaksonlin/go-jsonextend/unmarshaler/unmarshallResolver.go:47.40,51.27 3 1
github.com/jaksonlin/go-jsonextend/unmarshaler/unmarshallResolver.go:51.27,53.13 2 0
github.com/jaksonlin/go-jsonextend/unmarshaler/unmarshallResolver.go:55.4,55.80 1 1
github.com/jaksonlin/go-jsonextend/unmarshaler/unmarshallResolver.go:55.80,56.13 1 0
github.com/jaksonlin/go-jsonextend/unmarshaler/unmarshallResolver.go:59.4,61.21 3 1
github.com/jaksonlin/go-jsonextend/unmarshaler/unmarshallResolver.go:61.21,63.5 1 0
github.com/jaksonlin/go-jsonextend/unmarshaler/unmarshallResolver.go:72.105,76.81 2 1
github.com/jaksonlin/go-jsonextend/unmarshaler/unmarshallResolver.go:76.81,78.3 1 1
github.com/jaksonlin/go-jsonextend/unmarshaler/unmarshallResolver.go:78.8,80.3 1 1
github.com/jaksonlin/go-jsonextend/unmarshaler/unmarshallResolver.go:81.2,81.12 1 1
github.com/jaksonlin/go-jsonextend/unmarshaler/unmarshallResolver.go:83.106,85.16 2 1
github.com/jaksonlin/go-jsonextend/unmarshaler/unmarshallResolver.go:85.16,87.3 1 0
github.com/jaksonlin/go-jsonextend/unmarshaler/unmarshallResolver.go:89.2,92.81 2 1
github.com/jaksonlin/go-jsonextend/unmarshaler/unmarshallResolver.go:92.81,94.3 1 1
github.com/jaksonlin/go-jsonextend/unmarshaler/unmarshallResolver.go:94.8,96.3 1 1
github.com/jaksonlin/go-jsonextend/unmarshaler/unmarshallResolver.go:97.2,97.12 1 1
github.com/jaksonlin/go-jsonextend/unmarshaler/unmarshallResolver.go:100.103,102.16 2 0
github.com/jaksonlin/go-jsonextend/unmarshaler/unmarshallResolver.go:102.16,104.3 1 0
github.com/jaksonlin/go-jsonextend/unmarshaler/unmarshallResolver.go:106.2,109.81 2 0
github.com/jaksonlin/go-jsonextend/unmarshaler/unmarshallResolver.go:109.81,113.3 3 0
github.com/jaksonlin/go-jsonextend/unmarshaler/unmarshallResolver.go:113.8,115.3 1 0
github.com/jaksonlin/go-jsonextend/unmarshaler/unmarshallResolver.go:116.2,116.12 1 0
github.com/jaksonlin/go-jsonextend/unmarshaler/unmarshallResolver.go:118.109,120.40 1 0
github.com/jaksonlin/go-jsonextend/unmarshaler/unmarshallResolver.go:120.40,122.3 1 0
github.com/jaksonlin/go-jsonextend/unmarshaler/unmarshallResolver.go:122.8,123.43 1 0
github.com/jaksonlin/go-jsonextend/unmarshaler/unmarshallResolver.go:123.43,125.4 1 0
github.com/jaksonlin/go-jsonextend/unmarshaler/unmarshallResolver.go:125.9,127.4 1 0
github.com/jaksonlin/go-jsonextend/unmarshaler/unmarshallResolver.go:131.100,133.90 2 1
github.com/jaksonlin/go-jsonextend/unmarshaler/unmarshallResolver.go:133.90,137.3 1 1
github.com/jaksonlin/go-jsonextend/unmarshaler/unmarshallResolver.go:137.8,137.54 1 1
github.com/jaksonlin/go-jsonextend/unmarshaler/unmarshallResolver.go:137.54,141.3 1 1
github.com/jaksonlin/go-jsonextend/unmarshaler/unmarshallResolver.go:141.8,141.51 1 0
github.com/jaksonlin/go-jsonextend/unmarshaler/unmarshallResolver.go:141.51,145.3 1 0
github.com/jaksonlin/go-jsonextend/unmarshaler/unmarshallResolver.go:145.8,145.57 1 0
github.com/jaksonlin/go-jsonextend/unmarshaler/unmarshallResolver.go:145.57,147.3 1 0
github.com/jaksonlin/go-jsonextend/unmarshaler/unmarshallResolver.go:147.8,149.3 1 0
github.com/jaksonlin/go-jsonextend/unmarshaler/unmarshallResolver.go:153.65,154.18 1 1
github.com/jaksonlin/go-jsonextend/unmarshaler/unmarshallResolver.go:154.18,157.3 2 1
github.com/jaksonlin/go-jsonextend/unmarshaler/unmarshallResolver.go:157.8,159.3 1 1
github.com/jaksonlin/go-jsonextend/unmarshaler/unmarshallResolver.go:164.66,165.30 1 1
github.com/jaksonlin/go-jsonextend/unmarshaler/unmarshallResolver.go:165.30,167.3 1 1
github.com/jaksonlin/go-jsonextend/unmarshaler/unmarshallResolver.go:167.8,169.51 1 1
github.com/jaksonlin/go-jsonextend/unmarshaler/unmarshallResolver.go:169.51,172.4 2 0
github.com/jaksonlin/go-jsonextend/unmarshaler/unmarshallResolver.go:174.3,174.36 1 1
github.com/jaksonlin/go-jsonextend/unmarshaler/unmarshallResolver.go:174.36,176.4 1 1
github.com/jaksonlin/go-jsonextend/unmarshaler/unmarshallResolver.go:177.3,179.49 3 0
github.com/jaksonlin/go-jsonextend/unmarshaler/unmarshallResolver.go:179.49,183.4 3 0
github.com/jaksonlin/go-jsonextend/unmarshaler/unmarshallResolver.go:184.3,184.19 1 0
github.com/jaksonlin/go-jsonextend/unmarshaler/unmarshallResolver.go:188.94,193.2 4 1
github.com/jaksonlin/go-jsonextend/unmarshaler/unmarshallResolver.go:194.96,199.2 4 1
github.com/jaksonlin/go-jsonextend/unmarshaler/unmarshallResolver.go:201.116,205.12 4 1
github.com/jaksonlin/go-jsonextend/unmarshaler/unmarshallResolver.go:205.12,207.95 1 1
github.com/jaksonlin/go-jsonextend/unmarshaler/unmarshallResolver.go:207.95,209.18 2 0
github.com/jaksonlin/go-jsonextend/unmarshaler/unmarshallResolver.go:209.18,211.5 1 0
github.com/jaksonlin/go-jsonextend/unmarshaler/unmarshallResolver.go:212.4,213.21 2 0
github.com/jaksonlin/go-jsonextend/unmarshaler/unmarshallResolver.go:214.9,216.11 2 1
github.com/jaksonlin/go-jsonextend/unmarshaler/unmarshallResolver.go:216.11,218.5 1 0
github.com/jaksonlin/go-jsonextend/unmarshaler/unmarshallResolver.go:219.4,220.21 2 1
github.com/jaksonlin/go-jsonextend/unmarshaler/unmarshallResolver.go:224.2,228.45 5 1
github.com/jaksonlin/go-jsonextend/unmarshaler/unmarshallResolver.go:231.102,233.9 2 0
github.com/jaksonlin/go-jsonextend/unmarshaler/unmarshallResolver.go:233.9,235.3 1 0
github.com/jaksonlin/go-jsonextend/unmarshaler/unmarshallResolver.go:236.2,239.30 4 0
github.com/jaksonlin/go-jsonextend/unmarshaler/unmarshallResolver.go:242.106,245.47 2 1
github.com/jaksonlin/go-jsonextend/unmarshaler/unmarshallResolver.go:245.47,251.3 5 0
github.com/jaksonlin/go-jsonextend/unmarshaler/unmarshallResolver.go:251.8,251.55 1 1
github.com/jaksonlin/go-jsonextend/unmarshaler/unmarshallResolver.go:251.55,255.3 3 0
github.com/jaksonlin/go-jsonextend/unmarshaler/unmarshallResolver.go:255.8,258.3 2 1
github.com/jaksonlin/go-jsonextend/unmarshaler/unmarshallResolver.go:259.2,259.30 1 1
github.com/jaksonlin/go-jsonextend/unmarshaler/unmarshallResolver.go:265.59,272.44 6 1
github.com/jaksonlin/go-jsonextend/unmarshaler/unmarshallResolver.go:272.44,275.3 2 1
github.com/jaksonlin/go-jsonextend/unmarshaler/unmarshallResolver.go:276.2,278.28 2 1
github.com/jaksonlin/go-jsonextend/unmarshaler/unmarshallResolver.go:279.21,281.17 2 1
github.com/jaksonlin/go-jsonextend/unmarshaler/unmarshallResolver.go:281.17,283.4 1 0
github.com/jaksonlin/go-jsonextend/unmarshaler/unmarshallResolver.go:284.3,284.27 1 1
github.com/jaksonlin/go-jsonextend/unmarshaler/unmarshallResolver.go:284.27,286.4 1 1
github.com/jaksonlin/go-jsonextend/unmarshaler/unmarshallResolver.go:287.3,288.30 2 1
github.com/jaksonlin/go-jsonextend/unmarshaler/unmarshallResolver.go:289.21,291.17 2 0
github.com/jaksonlin/go-jsonextend/unmarshaler/unmarshallResolver.go:291.17,293.4 1 0
github.com/jaksonlin/go-jsonextend/unmarshaler/unmarshallResolver.go:294.3,295.30 2 0
github.com/jaksonlin/go-jsonextend/unmarshaler/unmarshallResolver.go:296.19,300.28 4 0
github.com/jaksonlin/go-jsonextend/unmarshaler/unmarshallResolver.go:301.22,303.31 2 1
github.com/jaksonlin/go-jsonextend/unmarshaler/unmarshallResolver.go:304.25,307.17 2 1
github.com/jaksonlin/go-jsonextend/unmarshaler/unmarshallResolver.go:307.17,309.4 1 0
github.com/jaksonlin/go-jsonextend/unmarshaler/unmarshallResolver.go:310.3,311.34 2 1
github.com/jaksonlin/go-jsonextend/unmarshaler/unmarshallResolver.go:312.10,315.35 3 1
github.com/jaksonlin/go-jsonextend/unmarshaler/unmarshallResolver.go:318.2,334.18 3 1
github.com/jaksonlin/go-jsonextend/unmarshaler/unmarshallResolver.go:336.49,338.29 1 1
github.com/jaksonlin/go-jsonextend/unmarshaler/unmarshallResolver.go:338.29,340.3 1 0
github.com/jaksonlin/go-jsonextend/unmarshaler/unmarshallResolver.go:342.2,343.9 2 1
github.com/jaksonlin/go-jsonextend/unmarshaler/unmarshallResolver.go:343.9,345.3 1 1
github.com/jaksonlin/go-jsonextend/unmarshaler/unmarshallResolver.go:348.2,348.170 1 1
github.com/jaksonlin/go-jsonextend/unmarshaler/unmarshallResolver.go:348.170,350.3 1 0
github.com/jaksonlin/go-jsonextend/unmarshaler/unmarshallResolver.go:352.2,352.13 1 1
github.com/jaksonlin/go-jsonextend/unmarshaler/unmarshallResolver.go:357.96,362.16 3 0
github.com/jaksonlin/go-jsonextend/unmarshaler/unmarshallResolver.go:362.16,364.3 1 0
github.com/jaksonlin/go-jsonextend/unmarshaler/unmarshallResolver.go:365.2,367.27 3 0
github.com/jaksonlin/go-jsonextend/unmarshaler/unmarshallResolver.go:367.27,369.3 1 0
github.com/jaksonlin/go-jsonextend/unmarshaler/unmarshallResolver.go:369.8,370.44 1 0
github.com/jaksonlin/go-jsonextend/unmarshaler/unmarshallResolver.go:370.44,372.4 1 0
github.com/jaksonlin/go-jsonextend/unmarshaler/unmarshallResolver.go:372.9,374.4 1 0
github.com/jaksonlin/go-jsonextend/unmarshaler/unmarshallResolver.go:378.83,380.30 1 1
github.com/jaksonlin/go-jsonextend/unmarshaler/unmarshallResolver.go:380.30,382.3 1 0
github.com/jaksonlin/go-jsonextend/unmarshaler/unmarshallResolver.go:383.2,383.44 1 1
github.com/jaksonlin/go-jsonextend/unmarshaler/unmarshallResolver.go:383.44,385.17 2 1
github.com/jaksonlin/go-jsonextend/unmarshaler/unmarshallResolver.go:385.17,387.4 1 0
github.com/jaksonlin/go-jsonextend/unmarshaler/unmarshallResolver.go:388.3,388.48 1 1
github.com/jaksonlin/go-jsonextend/unmarshaler/unmarshallResolver.go:390.2,390.27 1 1
github.com/jaksonlin/go-jsonextend/unmarshaler/unmarshallResolver.go:395.97,398.16 2 1
github.com/jaksonlin/go-jsonextend/unmarshaler/unmarshallResolver.go:398.16,400.3 1 0
github.com/jaksonlin/go-jsonextend/unmarshaler/unmarshallResolver.go:402.2,403.16 2 1
github.com/jaksonlin/go-jsonextend/unmarshaler/unmarshallResolver.go:403.16,405.3 1 0
github.com/jaksonlin/go-jsonextend/unmarshaler/unmarshallResolver.go:407.2,409.12 2 1
github.com/jaksonlin/go-jsonextend/unmarshaler/unmarshallResolver.go:412.85,413.30 1 1
github.com/jaksonlin/go-jsonextend/unmarshaler/unmarshallResolver.go:413.30,415.3 1 0
github.com/jaksonlin/go-jsonextend/unmarshaler/unmarshallResolver.go:417.2,417.44 1 1
github.com/jaksonlin/go-jsonextend/unmarshaler/unmarshallResolver.go:417.44,419.48 2 1
github.com/jaksonlin/go-jsonextend/unmarshaler/unmarshallResolver.go:419.48,421.4 1 0
github.com/jaksonlin/go-jsonextend/unmarshaler/unmarshallResolver.go:423.2,423.27 1 1
github.com/jaksonlin/go-jsonextend/unmarshaler/unmarshallResolver.go:426.87,427.30 1 1
github.com/jaksonlin/go-jsonextend/unmarshaler/unmarshallResolver.go:427.30,428.17 1 0
github.com/jaksonlin/go-jsonextend/unmarshaler/unmarshallResolver.go:428.17,430.4 1 0
github.com/jaksonlin/go-jsonextend/unmarshaler/unmarshallResolver.go:430.9,432.4 1 0
github.com/jaksonlin/go-jsonextend/unmarshaler/unmarshallResolver.go:434.2,435.27 2 1
github.com/jaksonlin/go-jsonextend/unmarshaler/unmarshallResolver.go:438.81,439.30 1 1
github.com/jaksonlin/go-jsonextend/unmarshaler/unmarshallResolver.go:439.30,442.3 1 0
github.com/jaksonlin/go-jsonextend/unmarshaler/unmarshallResolver.go:443.2,444.27 2 1
github.com/jaksonlin/go-jsonextend/unmarshaler/unmarshallResolver.go:447.85,448.30 1 1
github.com/jaksonlin/go-jsonextend/unmarshaler/unmarshallResolver.go:448.30,452.3 2 0
github.com/jaksonlin/go-jsonextend/unmarshaler/unmarshallResolver.go:453.2,455.27 3 1
github.com/jaksonlin/go-jsonextend/unmarshaler/unmarshallResolver.go:459.96,462.31 2 1
github.com/jaksonlin/go-jsonextend/unmarshaler/unmarshallResolver.go:462.31,464.60 2 1
github.com/jaksonlin/go-jsonextend/unmarshaler/unmarshallResolver.go:464.60,465.27 1 0
github.com/jaksonlin/go-jsonextend/unmarshaler/unmarshallResolver.go:465.27,467.5 1 0
github.com/jaksonlin/go-jsonextend/unmarshaler/unmarshallResolver.go:469.3,469.28 1 1
github.com/jaksonlin/go-jsonextend/unmarshaler/unmarshallResolver.go:471.2,471.12 1 0
github.com/jaksonlin/go-jsonextend/unmarshaler/unmarshallResolver.go:474.85,475.30 1 1
github.com/jaksonlin/go-jsonextend/unmarshaler/unmarshallResolver.go:475.30,477.3 1 1
github.com/jaksonlin/go-jsonextend/unmarshaler/unmarshallResolver.go:478.2,480.27 3 1
github.com/jaksonlin/go-jsonextend/unmarshaler/unmarshallResolver.go:483.117,484.30 1 1
github.com/jaksonlin/go-jsonextend/unmarshaler/unmarshallResolver.go:484.30,487.3 2 0
github.com/jaksonlin/go-jsonextend/unmarshaler/unmarshallResolver.go:488.2,489.16 2 1
github.com/jaksonlin/go-jsonextend/unmarshaler/unmarshallResolver.go:489.16,491.3 1 0
github.com/jaksonlin/go-jsonextend/unmarshaler/unmarshallResolver.go:492.2,494.27 3 1
github.com/jaksonlin/go-jsonextend/unmarshaler/unmarshallResolver.go:497.97,498.30 1 1
github.com/jaksonlin/go-jsonextend/unmarshaler/unmarshallResolver.go:498.30,500.3 1 0
github.com/jaksonlin/go-jsonextend/unmarshaler/unmarshallResolver.go:501.2,502.16 2 1
github.com/jaksonlin/go-jsonextend/unmarshaler/unmarshallResolver.go:502.16,504.3 1 0
github.com/jaksonlin/go-jsonextend/unmarshaler/unmarshallResolver.go:505.2,505.70 1 1
github.com/jaksonlin/go-jsonextend/unmarshaler/unmarshallResolver.go:505.70,508.3 2 0
github.com/jaksonlin/go-jsonextend/unmarshaler/unmarshallResolver.go:508.8,510.3 1 1
github.com/jaksonlin/go-jsonextend/unmarshaler/unmarshallResolver.go:511.2,511.27 1 1
github.com/jaksonlin/go-jsonextend/unmarshaler/unmarshaller.go:10.100,12.51 2 1
github.com/jaksonlin/go-jsonextend/unmarshaler/unmarshaller.go:12.51,14.17 2 1
github.com/jaksonlin/go-jsonextend/unmarshaler/unmarshaller.go:14.17,16.4 1 0
github.com/jaksonlin/go-jsonextend/unmarshaler/unmarshaller.go:17.3,17.52 1 1
github.com/jaksonlin/go-jsonextend/unmarshaler/unmarshaller.go:17.52,19.4 1 0
github.com/jaksonlin/go-jsonextend/unmarshaler/unmarshaller.go:20.3,20.28 1 1
github.com/jaksonlin/go-jsonextend/unmarshaler/unmarshaller.go:22.2,22.17 1 1
github.com/jaksonlin/go-jsonextend/unmarshaler/unmarshaller.go:25.89,28.9 3 1
github.com/jaksonlin/go-jsonextend/unmarshaler/unmarshaller.go:28.9,30.3 1 0
github.com/jaksonlin/go-jsonextend/unmarshaler/unmarshaller.go:31.2,31.23 1 1
github.com/jaksonlin/go-jsonextend/unmarshaler/unmarshaller.go:35.121,40.44 2 1
github.com/jaksonlin/go-jsonextend/unmarshaler/unmarshaller.go:40.44,44.3 1 0
github.com/jaksonlin/go-jsonextend/unmarshaler/unmarshaller.go:44.8,44.54 1 1
github.com/jaksonlin/go-jsonextend/unmarshaler/unmarshaller.go:44.54,47.17 2 1
github.com/jaksonlin/go-jsonextend/unmarshaler/unmarshaller.go:47.17,49.4 1 0
github.com/jaksonlin/go-jsonextend/unmarshaler/unmarshaller.go:50.3,50.38 1 1
github.com/jaksonlin/go-jsonextend/unmarshaler/unmarshaller.go:52.8,54.3 1 0
github.com/jaksonlin/go-jsonextend/unmarshaler/unmarshaller.go:57.2,58.16 2 1
github.com/jaksonlin/go-jsonextend/unmarshaler/unmarshaller.go:58.16,60.3 1 0
github.com/jaksonlin/go-jsonextend/unmarshaler/unmarshaller.go:63.2,65.25 2 1
github.com/jaksonlin/go-jsonextend/unmarshaler/unmarshaller.go:68.123,74.122 2 1
github.com/jaksonlin/go-jsonextend/unmarshaler/unmarshaller.go:74.122,78.3 1 1
github.com/jaksonlin/go-jsonextend/unmarshaler/unmarshaller.go:81.2,82.16 2 1
github.com/jaksonlin/go-jsonextend/unmarshaler/unmarshaller.go:82.16,84.3 1 0
github.com/jaksonlin/go-jsonextend/unmarshaler/unmarshaller.go:87.2,89.25 2 1
github.com/jaksonlin/go-jsonextend/unmarshaler/unmarshaller.go:92.53,94.28 1 1
github.com/jaksonlin/go-jsonextend/unmarshaler/unmarshaller.go:94.28,96.3 1 1
github.com/jaksonlin/go-jsonextend/unmarshaler/unmarshaller.go:99.2,99.39 1 1
github.com/jaksonlin/go-jsonextend/unmarshaler/unmarshaller.go:99.39,101.3 1 0
github.com/jaksonlin/go-jsonextend/unmarshaler/unmarshaller.go:102.2,102.52 1 1
github.com/jaksonlin/go-jsonextend/unmarshaler/unmarshaller.go:105.53,108.2 2 1
github.com/jaksonlin/go-jsonextend/unmarshaler/unmarshaller.go:110.96,113.62 2 1
github.com/jaksonlin/go-jsonextend/unmarshaler/unmarshaller.go:113.62,115.3 1 0
github.com/jaksonlin/go-jsonextend/unmarshaler/unmarshaller.go:117.2,120.16 4 1
github.com/jaksonlin/go-jsonextend/unmarshaler/unmarshaller.go:120.16,122.3 1 0
github.com/jaksonlin/go-jsonextend/unmarshaler/unmarshaller.go:123.2,125.6 2 1
github.com/jaksonlin/go-jsonextend/unmarshaler/unmarshaller.go:125.6,127.17 2 1
github.com/jaksonlin/go-jsonextend/unmarshaler/unmarshaller.go:127.17,128.9 1 1
github.com/jaksonlin/go-jsonextend/unmarshaler/unmarshaller.go:131.3,131.32 1 1
github.com/jaksonlin/go-jsonextend/unmarshaler/unmarshaller.go:131.32,134.18 2 1
github.com/jaksonlin/go-jsonextend/unmarshaler/unmarshaller.go:134.18,135.36 1 0
github.com/jaksonlin/go-jsonextend/unmarshaler/unmarshaller.go:135.36,137.6 1 0
github.com/jaksonlin/go-jsonextend/unmarshaler/unmarshaller.go:137.11,138.11 1 0
github.com/jaksonlin/go-jsonextend/unmarshaler/unmarshaller.go:142.4,142.33 1 1
github.com/jaksonlin/go-jsonextend/unmarshaler/unmarshaller.go:142.33,144.5 1 1
github.com/jaksonlin/go-jsonextend/unmarshaler/unmarshaller.go:145.9,147.42 1 1
github.com/jaksonlin/go-jsonextend/unmarshaler/unmarshaller.go:147.42,149.5 1 0
github.com/jaksonlin/go-jsonextend/unmarshaler/unmarshaller.go:150.4,150.45 1 1
github.com/jaksonlin/go-jsonextend/unmarshaler/unmarshaller.go:150.45,152.5 1 0
github.com/jaksonlin/go-jsonextend/unmarshaler/unmarshaller.go:153.4,153.23 1 1
github.com/jaksonlin/go-jsonextend/unmarshaler/unmarshaller.go:157.2,159.12 3 1
github.com/jaksonlin/go-jsonextend/util/char.go:11.28,13.2 1 1
github.com/jaksonlin/go-jsonextend/util/char.go:15.45,17.2 1 1
github.com/jaksonlin/go-jsonextend/util/char.go:19.52,21.21 2 0
github.com/jaksonlin/go-jsonextend/util/char.go:21.21,23.3 1 0
github.com/jaksonlin/go-jsonextend/util/char.go:24.2,25.29 2 0
github.com/jaksonlin/go-jsonextend/util/char.go:25.29,27.3 1 0
github.com/jaksonlin/go-jsonextend/util/char.go:28.2,28.16 1 0
github.com/jaksonlin/go-jsonextend/util/char.go:31.34,32.25 1 1
github.com/jaksonlin/go-jsonextend/util/char.go:32.25,34.3 1 1
github.com/jaksonlin/go-jsonextend/util/char.go:36.2,37.17 2 0
github.com/jaksonlin/go-jsonextend/util/char.go:37.17,41.3 3 0
github.com/jaksonlin/go-jsonextend/util/char.go:43.2,43.25 1 0
github.com/jaksonlin/go-jsonextend/util/stack.go:17.33,19.2 1 1
[...]
github.com/jaksonlin/go-jsonextend/interpreter/interpreter.go:70.21,72.16 2 1
github.com/jaksonlin/go-jsonextend/interpreter/interpreter.go:72.16,74.5 1 1
github.com/jaksonlin/go-jsonextend/interpreter/interpreter.go:75.4,75.21 1 1
github.com/jaksonlin/go-jsonextend/interpreter/interpreter.go:75.21,79.5 3 1
github.com/jaksonlin/go-jsonextend/interpreter/interpreter.go:80.4,80.26 1 1
github.com/jaksonlin/go-jsonextend/interpreter/interpreter.go:82.3,83.61 2 1
github.com/jaksonlin/go-jsonextend/interpreter/interpreter.go:85.8,87.20 1 1
github.com/jaksonlin/go-jsonextend/interpreter/interpreter.go:87.20,89.4 1 1
github.com/jaksonlin/go-jsonextend/interpreter/interpreter.go:89.9,93.4 3 1
github.com/jaksonlin/go-jsonextend/interpreter/interpreter.go:95.2,95.12 1 1
github.com/jaksonlin/go-jsonextend/interpreter/interpreter.go:98.78,101.2 2 1
github.com/jaksonlin/go-jsonextend/interpreter/interpreter.go:103.78,106.2 2 1
github.com/jaksonlin/go-jsonextend/interpreter/interpreter.go:108.80,111.2 2 1
github.com/jaksonlin/go-jsonextend/interpreter/interpreter.go:113.74,116.2 2 1
github.com/jaksonlin/go-jsonextend/interpreter/interpreter.go:118.110,121.53 3 1
github.com/jaksonlin/go-jsonextend/interpreter/interpreter.go:121.53,123.9 2 1
github.com/jaksonlin/go-jsonextend/interpreter/interpreter.go:123.9,125.18 2 1
github.com/jaksonlin/go-jsonextend/interpreter/interpreter.go:125.18,127.5 1 0
github.com/jaksonlin/go-jsonextend/interpreter/interpreter.go:129.4,129.25 1 1
github.com/jaksonlin/go-jsonextend/interpreter/interpreter.go:129.25,131.5 1 1
github.com/jaksonlin/go-jsonextend/interpreter/interpreter.go:132.4,132.61 1 1
github.com/jaksonlin/go-jsonextend/interpreter/interpreter.go:137.2,138.24 2 1
github.com/jaksonlin/go-jsonextend/interpreter/interpreter.go:141.90,144.9 2 1
github.com/jaksonlin/go-jsonextend/interpreter/interpreter.go:144.9,147.3 2 0
github.com/jaksonlin/go-jsonextend/interpreter/interpreter.go:147.8,149.17 2 1
github.com/jaksonlin/go-jsonextend/interpreter/interpreter.go:149.17,151.4 1 0
github.com/jaksonlin/go-jsonextend/interpreter/interpreter.go:152.3,152.24 1 1
github.com/jaksonlin/go-jsonextend/interpreter/interpreter.go:152.24,154.4 1 0
github.com/jaksonlin/go-jsonextend/interpreter/interpreter.go:155.3,155.22 1 1
github.com/jaksonlin/go-jsonextend/interpreter/interpreter.go:158.2,158.24 1 1
github.com/jaksonlin/go-jsonextend/interpreter/interpreter.go:161.76,165.44 4 1
github.com/jaksonlin/go-jsonextend/interpreter/interpreter.go:165.44,167.29 2 1
github.com/jaksonlin/go-jsonextend/interpreter/interpreter.go:167.29,169.4 1 1
github.com/jaksonlin/go-jsonextend/interpreter/interpreter.go:169.9,171.4 1 1
github.com/jaksonlin/go-jsonextend/interpreter/interpreter.go:173.2,173.12 1 1
github.com/jaksonlin/go-jsonextend/interpreter/interpreter.go:176.90,182.2 3 1
github.com/jaksonlin/go-jsonextend/interpreter/interpreter.go:184.49,186.2 1 1
github.com/jaksonlin/go-jsonextend/interpreter/interpreter.go:188.78,192.44 4 1
github.com/jaksonlin/go-jsonextend/interpreter/interpreter.go:192.44,194.29 2 1
github.com/jaksonlin/go-jsonextend/interpreter/interpreter.go:194.29,197.4 2 1
github.com/jaksonlin/go-jsonextend/interpreter/interpreter.go:197.9,200.4 2 1
github.com/jaksonlin/go-jsonextend/interpreter/interpreter.go:202.2,202.12 1 1
github.com/jaksonlin/go-jsonextend/interpreter/interpreter.go:205.91,211.6 3 1
github.com/jaksonlin/go-jsonextend/interpreter/interpreter.go:211.6,213.17 2 1
github.com/jaksonlin/go-jsonextend/interpreter/interpreter.go:213.17,214.9 1 0
github.com/jaksonlin/go-jsonextend/interpreter/interpreter.go:216.3,217.17 2 1
github.com/jaksonlin/go-jsonextend/interpreter/interpreter.go:217.17,218.35 1 1
github.com/jaksonlin/go-jsonextend/interpreter/interpreter.go:218.35,220.5 1 0
github.com/jaksonlin/go-jsonextend/interpreter/interpreter.go:220.10,221.10 1 1
github.com/jaksonlin/go-jsonextend/interpreter/interpreter.go:227.2,227.35 1 1
github.com/jaksonlin/go-jsonextend/interpreter/interpreter.go:227.35,229.3 1 0
github.com/jaksonlin/go-jsonextend/interpreter/interpreter.go:230.2,231.16 2 1
github.com/jaksonlin/go-jsonextend/interpreter/interpreterNoFormat.go:22.72,30.2 1 1
github.com/jaksonlin/go-jsonextend/interpreter/interpreterNoFormat.go:32.49,34.2 1 1
github.com/jaksonlin/go-jsonextend/interpreter/interpreterNoFormat.go:36.47,38.14 2 1
github.com/jaksonlin/go-jsonextend/interpreter/interpreterNoFormat.go:38.14,40.3 1 0
github.com/jaksonlin/go-jsonextend/interpreter/interpreterNoFormat.go:41.2,43.36 2 1
github.com/jaksonlin/go-jsonextend/interpreter/interpreterNoFormat.go:43.36,46.21 1 1
github.com/jaksonlin/go-jsonextend/interpreter/interpreterNoFormat.go:46.21,48.16 2 1
github.com/jaksonlin/go-jsonextend/interpreter/interpreterNoFormat.go:48.16,50.5 1 1
github.com/jaksonlin/go-jsonextend/interpreter/interpreterNoFormat.go:51.4,51.26 1 1
github.com/jaksonlin/go-jsonextend/interpreter/interpreterNoFormat.go:55.2,55.12 1 1
github.com/jaksonlin/go-jsonextend/interpreter/interpreterNoFormat.go:58.75,61.2 2 1
github.com/jaksonlin/go-jsonextend/interpreter/interpreterNoFormat.go:63.75,66.2 2 1
github.com/jaksonlin/go-jsonextend/interpreter/interpreterNoFormat.go:68.77,69.16 1 1
github.com/jaksonlin/go-jsonextend/interpreter/interpreterNoFormat.go:69.16,71.3 1 1
github.com/jaksonlin/go-jsonextend/interpreter/interpreterNoFormat.go:71.8,73.3 1 0
github.com/jaksonlin/go-jsonextend/interpreter/interpreterNoFormat.go:74.2,74.24 1 1
github.com/jaksonlin/go-jsonextend/interpreter/interpreterNoFormat.go:77.71,80.2 2 1
github.com/jaksonlin/go-jsonextend/interpreter/interpreterNoFormat.go:82.107,85.53 3 1
github.com/jaksonlin/go-jsonextend/interpreter/interpreterNoFormat.go:85.53,87.9 2 1
github.com/jaksonlin/go-jsonextend/interpreter/interpreterNoFormat.go:87.9,89.18 2 1
github.com/jaksonlin/go-jsonextend/interpreter/interpreterNoFormat.go:89.18,91.5 1 0
github.com/jaksonlin/go-jsonextend/interpreter/interpreterNoFormat.go:93.4,93.25 1 1
github.com/jaksonlin/go-jsonextend/interpreter/interpreterNoFormat.go:93.25,95.5 1 1
github.com/jaksonlin/go-jsonextend/interpreter/interpreterNoFormat.go:96.4,96.61 1 1
github.com/jaksonlin/go-jsonextend/interpreter/interpreterNoFormat.go:101.2,102.24 2 1
github.com/jaksonlin/go-jsonextend/interpreter/interpreterNoFormat.go:105.87,108.9 2 1
github.com/jaksonlin/go-jsonextend/interpreter/interpreterNoFormat.go:108.9,111.3 2 0
github.com/jaksonlin/go-jsonextend/interpreter/interpreterNoFormat.go:111.8,113.17 2 1
github.com/jaksonlin/go-jsonextend/interpreter/interpreterNoFormat.go:113.17,115.4 1 0
github.com/jaksonlin/go-jsonextend/interpreter/interpreterNoFormat.go:116.3,116.24 1 1
github.com/jaksonlin/go-jsonextend/interpreter/interpreterNoFormat.go:116.24,118.4 1 0
github.com/jaksonlin/go-jsonextend/interpreter/interpreterNoFormat.go:119.3,119.22 1 1
github.com/jaksonlin/go-jsonextend/interpreter/interpreterNoFormat.go:122.2,122.24 1 1
github.com/jaksonlin/go-jsonextend/interpreter/interpreterNoFormat.go:125.73,128.44 2 1
github.com/jaksonlin/go-jsonextend/interpreter/interpreterNoFormat.go:128.44,130.29 2 1
github.com/jaksonlin/go-jsonextend/interpreter/interpreterNoFormat.go:130.29,132.4 1 1
github.com/jaksonlin/go-jsonextend/interpreter/interpreterNoFormat.go:132.9,134.4 1 1
github.com/jaksonlin/go-jsonextend/interpreter/interpreterNoFormat.go:136.2,136.12 1 1
github.com/jaksonlin/go-jsonextend/interpreter/interpreterNoFormat.go:139.87,145.2 3 1
github.com/jaksonlin/go-jsonextend/interpreter/interpreterNoFormat.go:147.46,149.2 1 1
github.com/jaksonlin/go-jsonextend/interpreter/interpreterNoFormat.go:151.75,153.44 2 1
github.com/jaksonlin/go-jsonextend/interpreter/interpreterNoFormat.go:153.44,155.29 2 1
github.com/jaksonlin/go-jsonextend/interpreter/interpreterNoFormat.go:155.29,158.4 2 1
github.com/jaksonlin/go-jsonextend/interpreter/interpreterNoFormat.go:158.9,161.4 2 1
github.com/jaksonlin/go-jsonextend/interpreter/interpreterNoFormat.go:163.2,163.12 1 1
github.com/jaksonlin/go-jsonextend/interpreter/interpreterNoFormat.go:166.88,172.6 3 1
github.com/jaksonlin/go-jsonextend/interpreter/interpreterNoFormat.go:172.6,174.17 2 1
github.com/jaksonlin/go-jsonextend/interpreter/interpreterNoFormat.go:174.17,175.9 1 0
github.com/jaksonlin/go-jsonextend/interpreter/interpreterNoFormat.go:177.3,178.17 2 1
github.com/jaksonlin/go-jsonextend/interpreter/interpreterNoFormat.go:178.17,179.35 1 1
github.com/jaksonlin/go-jsonextend/interpreter/interpreterNoFormat.go:179.35,181.5 1 0
github.com/jaksonlin/go-jsonextend/interpreter/interpreterNoFormat.go:181.10,182.10 1 1
github.com/jaksonlin/go-jsonextend/interpreter/interpreterNoFormat.go:188.2,188.35 1 1
github.com/jaksonlin/go-jsonextend/interpreter/interpreterNoFormat.go:188.35,190.3 1 0
github.com/jaksonlin/go-jsonextend/interpreter/interpreterNoFormat.go:191.2,192.16 2 1
github.com/jaksonlin/go-jsonextend/token/token.go:45.38,47.2 1 1
github.com/jaksonlin/go-jsonextend/token/token.go:49.59,51.35 2 0
github.com/jaksonlin/go-jsonextend/token/token.go:51.35,52.17 1 0
github.com/jaksonlin/go-jsonextend/token/token.go:52.17,54.4 1 0
github.com/jaksonlin/go-jsonextend/token/token.go:55.3,55.17 1 0
github.com/jaksonlin/go-jsonextend/token/token.go:57.2,57.19 1 0
github.com/jaksonlin/go-jsonextend/token/token.go:60.36,61.22 1 0
github.com/jaksonlin/go-jsonextend/token/token.go:62.22,63.22 1 0
github.com/jaksonlin/go-jsonextend/token/token.go:64.20,65.23 1 0
github.com/jaksonlin/go-jsonextend/token/token.go:66.36,67.28 1 0
github.com/jaksonlin/go-jsonextend/token/token.go:68.35,69.26 1 0
github.com/jaksonlin/go-jsonextend/token/token.go:70.10,71.23 1 0
github.com/jaksonlin/go-jsonextend/tokenizer/arraystate.go:14.42,16.2 1 0
github.com/jaksonlin/go-jsonextend/tokenizer/arraystate.go:18.76,21.16 2 1
github.com/jaksonlin/go-jsonextend/tokenizer/arraystate.go:21.16,23.3 1 0
github.com/jaksonlin/go-jsonextend/tokenizer/arraystate.go:25.2,25.37 1 1
github.com/jaksonlin/go-jsonextend/tokenizer/arraystate.go:28.71,31.16 2 1
github.com/jaksonlin/go-jsonextend/tokenizer/arraystate.go:31.16,32.24 1 1
github.com/jaksonlin/go-jsonextend/tokenizer/arraystate.go:34.26,34.26 0 1
github.com/jaksonlin/go-jsonextend/tokenizer/arraystate.go:35.26,35.26 0 1
github.com/jaksonlin/go-jsonextend/tokenizer/arraystate.go:37.34,38.40 1 1
github.com/jaksonlin/go-jsonextend/tokenizer/arraystate.go:39.11,40.61 1 0
github.com/jaksonlin/go-jsonextend/tokenizer/arraystate.go:43.2,43.12 1 1
github.com/jaksonlin/go-jsonextend/tokenizer/booleanstate.go:11.44,13.2 1 1
github.com/jaksonlin/go-jsonextend/tokenizer/booleanstate.go:15.78,18.16 2 1
github.com/jaksonlin/go-jsonextend/tokenizer/booleanstate.go:18.16,20.3 1 0
github.com/jaksonlin/go-jsonextend/tokenizer/booleanstate.go:22.2,23.16 2 1
github.com/jaksonlin/go-jsonextend/tokenizer/booleanstate.go:23.16,25.3 1 0
github.com/jaksonlin/go-jsonextend/tokenizer/booleanstate.go:26.2,26.24 1 1
github.com/jaksonlin/go-jsonextend/tokenizer/err.go:22.74,24.2 1 0
github.com/jaksonlin/go-jsonextend/tokenizer/factory.go:12.84,15.2 2 1
github.com/jaksonlin/go-jsonextend/tokenizer/factory.go:17.90,19.16 2 0
github.com/jaksonlin/go-jsonextend/tokenizer/factory.go:19.16,21.3 1 0
github.com/jaksonlin/go-jsonextend/tokenizer/factory.go:22.2,22.46 1 0
github.com/jaksonlin/go-jsonextend/tokenizer/factory.go:25.86,40.36 11 1
github.com/jaksonlin/go-jsonextend/tokenizer/factory.go:40.36,43.4 2 1
github.com/jaksonlin/go-jsonextend/tokenizer/factory.go:44.36,47.4 2 1
github.com/jaksonlin/go-jsonextend/tokenizer/factory.go:48.37,51.4 2 1
github.com/jaksonlin/go-jsonextend/tokenizer/factory.go:52.34,55.4 2 1
github.com/jaksonlin/go-jsonextend/tokenizer/factory.go:56.42,59.4 2 1
github.com/jaksonlin/go-jsonextend/tokenizer/factory.go:60.40,63.4 2 1
github.com/jaksonlin/go-jsonextend/tokenizer/factory.go:64.38,67.4 2 1
github.com/jaksonlin/go-jsonextend/tokenizer/factory.go:69.2,70.12 2 1
github.com/jaksonlin/go-jsonextend/tokenizer/initstate.go:14.41,16.2 1 0
github.com/jaksonlin/go-jsonextend/tokenizer/initstate.go:18.75,21.16 2 1
github.com/jaksonlin/go-jsonextend/tokenizer/initstate.go:21.16,23.3 1 0
github.com/jaksonlin/go-jsonextend/tokenizer/initstate.go:25.2,25.37 1 1
github.com/jaksonlin/go-jsonextend/tokenizer/initstate.go:28.70,30.16 2 1
github.com/jaksonlin/go-jsonextend/tokenizer/initstate.go:30.16,31.24 1 0
github.com/jaksonlin/go-jsonextend/tokenizer/initstate.go:32.26,32.26 0 0
github.com/jaksonlin/go-jsonextend/tokenizer/initstate.go:33.11,34.61 1 0
github.com/jaksonlin/go-jsonextend/tokenizer/initstate.go:37.2,37.12 1 1
github.com/jaksonlin/go-jsonextend/tokenizer/nullstate.go:13.41,15.2 1 1
github.com/jaksonlin/go-jsonextend/tokenizer/nullstate.go:17.75,19.16 2 1
github.com/jaksonlin/go-jsonextend/tokenizer/nullstate.go:19.16,21.3 1 0
github.com/jaksonlin/go-jsonextend/tokenizer/nullstate.go:22.2,23.16 2 1
github.com/jaksonlin/go-jsonextend/tokenizer/nullstate.go:23.16,25.3 1 0
github.com/jaksonlin/go-jsonextend/tokenizer/nullstate.go:27.2,27.24 1 1
github.com/jaksonlin/go-jsonextend/tokenizer/numberstate.go:13.43,15.2 1 1
github.com/jaksonlin/go-jsonextend/tokenizer/numberstate.go:17.77,19.16 2 1
github.com/jaksonlin/go-jsonextend/tokenizer/numberstate.go:19.16,21.3 1 0
github.com/jaksonlin/go-jsonextend/tokenizer/numberstate.go:23.2,25.16 2 1
github.com/jaksonlin/go-jsonextend/tokenizer/numberstate.go:25.16,27.3 1 0
github.com/jaksonlin/go-jsonextend/tokenizer/numberstate.go:29.2,29.24 1 1
github.com/jaksonlin/go-jsonextend/tokenizer/objectstate.go:14.43,16.2 1 0
github.com/jaksonlin/go-jsonextend/tokenizer/objectstate.go:18.77,21.16 2 1
github.com/jaksonlin/go-jsonextend/tokenizer/objectstate.go:21.16,23.3 1 0
github.com/jaksonlin/go-jsonextend/tokenizer/objectstate.go:25.2,25.37 1 1
github.com/jaksonlin/go-jsonextend/tokenizer/objectstate.go:28.72,31.16 2 1
github.com/jaksonlin/go-jsonextend/tokenizer/objectstate.go:31.16,32.24 1 1
github.com/jaksonlin/go-jsonextend/tokenizer/objectstate.go:34.26,34.26 0 1
github.com/jaksonlin/go-jsonextend/tokenizer/objectstate.go:35.26,35.26 0 1
github.com/jaksonlin/go-jsonextend/tokenizer/objectstate.go:36.26,36.26 0 1
github.com/jaksonlin/go-jsonextend/tokenizer/objectstate.go:38.32,39.40 1 1
github.com/jaksonlin/go-jsonextend/tokenizer/objectstate.go:40.11,41.61 1 0
github.com/jaksonlin/go-jsonextend/tokenizer/objectstate.go:44.2,44.12 1 1
github.com/jaksonlin/go-jsonextend/tokenizer/state.go:45.94,49.2 1 1
github.com/jaksonlin/go-jsonextend/tokenizer/state.go:52.60,54.61 1 1
github.com/jaksonlin/go-jsonextend/tokenizer/state.go:54.61,56.3 1 0
github.com/jaksonlin/go-jsonextend/tokenizer/state.go:57.2,57.12 1 1
github.com/jaksonlin/go-jsonextend/tokenizer/state.go:61.97,63.2 1 1
github.com/jaksonlin/go-jsonextend/tokenizer/statemachine.go:29.85,31.9 2 1
github.com/jaksonlin/go-jsonextend/tokenizer/statemachine.go:31.9,33.3 1 1
github.com/jaksonlin/go-jsonextend/tokenizer/statemachine.go:34.2,35.12 2 1
github.com/jaksonlin/go-jsonextend/tokenizer/statemachine.go:38.100,40.19 1 1
github.com/jaksonlin/go-jsonextend/tokenizer/statemachine.go:41.19,42.66 1 1
github.com/jaksonlin/go-jsonextend/tokenizer/statemachine.go:43.20,44.67 1 1
github.com/jaksonlin/go-jsonextend/tokenizer/statemachine.go:45.19,46.66 1 1
github.com/jaksonlin/go-jsonextend/tokenizer/statemachine.go:47.17,48.64 1 1
github.com/jaksonlin/go-jsonextend/tokenizer/statemachine.go:49.21,50.68 1 1
github.com/jaksonlin/go-jsonextend/tokenizer/statemachine.go:51.28,52.75 1 1
github.com/jaksonlin/go-jsonextend/tokenizer/statemachine.go:53.10,54.48 1 0
github.com/jaksonlin/go-jsonextend/tokenizer/statemachine.go:59.61,60.32 1 1
github.com/jaksonlin/go-jsonextend/tokenizer/statemachine.go:60.32,63.3 1 1
github.com/jaksonlin/go-jsonextend/tokenizer/statemachine.go:64.2,65.16 2 1
github.com/jaksonlin/go-jsonextend/tokenizer/statemachine.go:65.16,67.3 1 0
github.com/jaksonlin/go-jsonextend/tokenizer/statemachine.go:68.2,68.11 1 1
github.com/jaksonlin/go-jsonextend/tokenizer/statemachine.go:69.21,71.13 2 1
github.com/jaksonlin/go-jsonextend/tokenizer/statemachine.go:72.22,73.14 1 1
github.com/jaksonlin/go-jsonextend/tokenizer/statemachine.go:74.22,76.13 2 1
github.com/jaksonlin/go-jsonextend/tokenizer/statemachine.go:77.10,78.41 1 0
github.com/jaksonlin/go-jsonextend/tokenizer/statemachine.go:82.53,83.6 1 1
github.com/jaksonlin/go-jsonextend/tokenizer/statemachine.go:83.6,85.33 1 1
github.com/jaksonlin/go-jsonextend/tokenizer/statemachine.go:85.33,87.4 1 1
github.com/jaksonlin/go-jsonextend/tokenizer/statemachine.go:88.3,91.17 2 1
github.com/jaksonlin/go-jsonextend/tokenizer/statemachine.go:91.17,92.21 1 0
github.com/jaksonlin/go-jsonextend/tokenizer/statemachine.go:92.21,93.36 1 0
github.com/jaksonlin/go-jsonextend/tokenizer/statemachine.go:93.36,95.6 1 0
github.com/jaksonlin/go-jsonextend/tokenizer/statemachine.go:96.5,96.15 1 0
github.com/jaksonlin/go-jsonextend/tokenizer/statemachine.go:97.10,99.5 1 0
github.com/jaksonlin/go-jsonextend/tokenizer/statemachine.go:104.60,106.2 1 0
github.com/jaksonlin/go-jsonextend/tokenizer/statemachine.go:108.55,110.2 1 1
github.com/jaksonlin/go-jsonextend/tokenizer/statemachine.go:112.72,114.2 1 1
github.com/jaksonlin/go-jsonextend/tokenizer/stringstate.go:14.43,16.2 1 1
github.com/jaksonlin/go-jsonextend/tokenizer/stringstate.go:18.77,21.16 2 1
github.com/jaksonlin/go-jsonextend/tokenizer/stringstate.go:21.16,23.3 1 0
github.com/jaksonlin/go-jsonextend/tokenizer/stringstate.go:25.2,25.42 1 1
github.com/jaksonlin/go-jsonextend/tokenizer/stringstate.go:25.42,27.3 1 1
github.com/jaksonlin/go-jsonextend/tokenizer/stringstate.go:27.8,29.3 1 1
github.com/jaksonlin/go-jsonextend/tokenizer/stringstate.go:31.2,31.16 1 1
github.com/jaksonlin/go-jsonextend/tokenizer/stringstate.go:31.16,33.3 1 0
github.com/jaksonlin/go-jsonextend/tokenizer/stringstate.go:34.2,34.24 1 1
github.com/jaksonlin/go-jsonextend/tokenizer/tokenreader.go:7.70,11.2 1 1
github.com/jaksonlin/go-jsonextend/tokenizer/variablestate.go:14.45,16.2 1 1
github.com/jaksonlin/go-jsonextend/tokenizer/variablestate.go:18.79,21.16 2 1
github.com/jaksonlin/go-jsonextend/tokenizer/variablestate.go:21.16,23.3 1 0
github.com/jaksonlin/go-jsonextend/tokenizer/variablestate.go:24.2,24.49 1 1
github.com/jaksonlin/go-jsonextend/tokenizer/variablestate.go:24.49,26.3 1 0
github.com/jaksonlin/go-jsonextend/tokenizer/variablestate.go:28.2,29.16 2 1
github.com/jaksonlin/go-jsonextend/tokenizer/variablestate.go:29.16,31.3 1 0
github.com/jaksonlin/go-jsonextend/tokenizer/variablestate.go:32.2,32.24 1 1
github.com/jaksonlin/go-jsonextend/util/char.go:11.28,13.2 1 1
github.com/jaksonlin/go-jsonextend/util/char.go:15.45,17.2 1 1
github.com/jaksonlin/go-jsonextend/util/char.go:19.52,21.21 2 0
github.com/jaksonlin/go-jsonextend/util/char.go:21.21,23.3 1 0
github.com/jaksonlin/go-jsonextend/util/char.go:24.2,25.29 2 0
github.com/jaksonlin/go-jsonextend/util/char.go:25.29,27.3 1 0
github.com/jaksonlin/go-jsonextend/util/char.go:28.2,28.16 1 0
github.com/jaksonlin/go-jsonextend/util/char.go:31.34,32.25 1 0
github.com/jaksonlin/go-jsonextend/util/char.go:32.25,34.3 1 0
github.com/jaksonlin/go-jsonextend/util/char.go:36.2,37.17 2 0
github.com/jaksonlin/go-jsonextend/util/char.go:37.17,41.3 3 0
github.com/jaksonlin/go-jsonextend/util/char.go:43.2,43.25 1 0
github.com/jaksonlin/go-jsonextend/util/stack.go:17.33,19.2 1 1
github.com/jaksonlin/go-jsonextend/util/stack.go:20.35,22.2 1 0
github.com/jaksonlin/go-jsonextend/util/stack.go:24.34,26.2 1 1
github.com/jaksonlin/go-jsonextend/util/stack.go:28.30,30.2 1 1
github.com/jaksonlin/go-jsonextend/util/stack.go:32.37,34.12 2 1
github.com/jaksonlin/go-jsonextend/util/stack.go:34.12,36.3 1 1
github.com/jaksonlin/go-jsonextend/util/stack.go:38.2,40.17 3 1
github.com/jaksonlin/go-jsonextend/util/stack.go:43.38,45.12 2 1
github.com/jaksonlin/go-jsonextend/util/stack.go:45.12,47.3 1 1
github.com/jaksonlin/go-jsonextend/util/stack.go:48.2,48.22 1 1
github.com/jaksonlin/go-jsonextend/util/stack.go:51.40,53.2 1 0
